{
  "/home/runner/work/mcp-chrome/mcp-chrome/app/native-server/src/cli.ts": {
    "path": "/home/runner/work/mcp-chrome/mcp-chrome/app/native-server/src/cli.ts",
    "statementMap": {
      "0": { "start": { "line": 3, "column": 0 }, "end": { "line": 3, "column": 36 } },
      "1": { "start": { "line": 4, "column": 0 }, "end": { "line": 4, "column": 25 } },
      "2": { "start": { "line": 5, "column": 0 }, "end": { "line": 5, "column": 29 } },
      "3": { "start": { "line": 6, "column": 0 }, "end": { "line": 6, "column": null } },
      "4": { "start": { "line": 12, "column": 0 }, "end": { "line": 12, "column": 98 } },
      "5": { "start": { "line": 16, "column": 2 }, "end": { "line": 25, "column": 3 } },
      "6": { "start": { "line": 17, "column": 21 }, "end": { "line": 17, "column": 37 } },
      "7": { "start": { "line": 18, "column": 25 }, "end": { "line": 18, "column": 62 } },
      "8": { "start": { "line": 20, "column": 4 }, "end": { "line": 20, "column": 72 } },
      "9": { "start": { "line": 21, "column": 4 }, "end": { "line": 21, "column": 53 } },
      "10": { "start": { "line": 22, "column": 4 }, "end": { "line": 22, "column": 83 } },
      "11": { "start": { "line": 24, "column": 4 }, "end": { "line": 24, "column": 91 } },
      "12": { "start": { "line": 28, "column": 0 }, "end": { "line": 30, "column": 92 } },
      "13": { "start": { "line": 33, "column": 0 }, "end": { "line": 138, "column": 5 } },
      "14": { "start": { "line": 41, "column": 4 }, "end": { "line": 137, "column": 5 } },
      "15": { "start": { "line": 43, "column": 6 }, "end": { "line": 43, "column": 28 } },
      "16": { "start": { "line": 48, "column": 6 }, "end": { "line": 76, "column": 7 } },
      "17": { "start": { "line": 49, "column": 8 }, "end": { "line": 64, "column": 9 } },
      "18": { "start": { "line": 50, "column": 10 }, "end": { "line": 50, "column": 70 } },
      "19": { "start": { "line": 51, "column": 10 }, "end": { "line": 51, "column": 86 } },
      "20": { "start": { "line": 53, "column": 30 }, "end": { "line": 53, "column": 63 } },
      "21": { "start": { "line": 54, "column": 10 }, "end": { "line": 62, "column": 11 } },
      "22": { "start": { "line": 55, "column": 12 }, "end": { "line": 60, "column": 14 } },
      "23": { "start": { "line": 61, "column": 12 }, "end": { "line": 61, "column": 28 } },
      "24": { "start": { "line": 63, "column": 10 }, "end": { "line": 63, "column": 41 } },
      "25": { "start": { "line": 65, "column": 13 }, "end": { "line": 76, "column": 7 } },
      "26": { "start": { "line": 66, "column": 8 }, "end": { "line": 66, "column": 51 } },
      "27": { "start": { "line": 67, "column": 8 }, "end": { "line": 75, "column": 9 } },
      "28": { "start": { "line": 68, "column": 10 }, "end": { "line": 73, "column": 12 } },
      "29": { "start": { "line": 74, "column": 10 }, "end": { "line": 74, "column": 37 } },
      "30": { "start": { "line": 80, "column": 21 }, "end": { "line": 80, "column": 61 } },
      "31": { "start": { "line": 82, "column": 20 }, "end": { "line": 82, "column": 25 } },
      "32": { "start": { "line": 83, "column": 6 }, "end": { "line": 92, "column": 7 } },
      "33": { "start": { "line": 84, "column": 8 }, "end": { "line": 91, "column": 9 } },
      "34": { "start": { "line": 85, "column": 10 }, "end": { "line": 85, "column": 42 } },
      "35": { "start": { "line": 87, "column": 10 }, "end": { "line": 89, "column": 12 } },
      "36": { "start": { "line": 90, "column": 10 }, "end": { "line": 90, "column": 26 } },
      "37": { "start": { "line": 94, "column": 37 }, "end": { "line": 94, "column": 54 } },
      "38": { "start": { "line": 97, "column": 6 }, "end": { "line": 133, "column": 7 } },
      "39": { "start": { "line": 99, "column": 8 }, "end": { "line": 99, "column": 48 } },
      "40": { "start": { "line": 100, "column": 8 }, "end": { "line": 102, "column": 10 } },
      "41": { "start": { "line": 103, "column": 8 }, "end": { "line": 108, "column": 10 } },
      "42": { "start": { "line": 111, "column": 8 }, "end": { "line": 111, "column": 90 } },
      "43": { "start": { "line": 112, "column": 24 }, "end": { "line": 112, "column": 70 } },
      "44": { "start": { "line": 114, "column": 8 }, "end": { "line": 132, "column": 9 } },
      "45": { "start": { "line": 115, "column": 10 }, "end": { "line": 115, "column": 92 } },
      "46": { "start": { "line": 116, "column": 10 }, "end": { "line": 121, "column": 12 } },
      "47": { "start": { "line": 123, "column": 10 }, "end": { "line": 128, "column": 12 } },
      "48": { "start": { "line": 129, "column": 10 }, "end": { "line": 129, "column": 83 } },
      "49": { "start": { "line": 130, "column": 10 }, "end": { "line": 130, "column": 87 } },
      "50": { "start": { "line": 131, "column": 10 }, "end": { "line": 131, "column": 26 } },
      "51": { "start": { "line": 135, "column": 6 }, "end": { "line": 135, "column": 79 } },
      "52": { "start": { "line": 136, "column": 6 }, "end": { "line": 136, "column": 22 } },
      "53": { "start": { "line": 141, "column": 0 }, "end": { "line": 153, "column": 5 } },
      "54": { "start": { "line": 145, "column": 4 }, "end": { "line": 152, "column": 5 } },
      "55": { "start": { "line": 146, "column": 6 }, "end": { "line": 146, "column": 72 } },
      "56": { "start": { "line": 147, "column": 6 }, "end": { "line": 147, "column": 41 } },
      "57": { "start": { "line": 148, "column": 6 }, "end": { "line": 148, "column": 85 } },
      "58": { "start": { "line": 150, "column": 6 }, "end": { "line": 150, "column": 85 } },
      "59": { "start": { "line": 151, "column": 6 }, "end": { "line": 151, "column": 22 } },
      "60": { "start": { "line": 156, "column": 0 }, "end": { "line": 189, "column": 5 } },
      "61": { "start": { "line": 160, "column": 4 }, "end": { "line": 188, "column": 5 } },
      "62": { "start": { "line": 161, "column": 25 }, "end": { "line": 161, "column": 43 } },
      "63": { "start": { "line": 162, "column": 6 }, "end": { "line": 165, "column": 7 } },
      "64": { "start": { "line": 163, "column": 8 }, "end": { "line": 163, "column": 98 } },
      "65": { "start": { "line": 164, "column": 8 }, "end": { "line": 164, "column": 24 } },
      "66": { "start": { "line": 167, "column": 25 }, "end": { "line": 167, "column": 73 } },
      "67": { "start": { "line": 169, "column": 6 }, "end": { "line": 172, "column": 7 } },
      "68": { "start": { "line": 170, "column": 8 }, "end": { "line": 170, "column": 96 } },
      "69": { "start": { "line": 171, "column": 8 }, "end": { "line": 171, "column": 24 } },
      "70": { "start": { "line": 174, "column": 25 }, "end": { "line": 174, "column": 60 } },
      "71": { "start": { "line": 175, "column": 21 }, "end": { "line": 175, "column": 43 } },
      "72": { "start": { "line": 177, "column": 25 }, "end": { "line": 177, "column": 44 } },
      "73": { "start": { "line": 178, "column": 6 }, "end": { "line": 178, "column": 46 } },
      "74": { "start": { "line": 179, "column": 6 }, "end": { "line": 179, "column": 41 } },
      "75": { "start": { "line": 181, "column": 6 }, "end": { "line": 181, "column": 68 } },
      "76": { "start": { "line": 183, "column": 6 }, "end": { "line": 183, "column": 86 } },
      "77": { "start": { "line": 184, "column": 6 }, "end": { "line": 184, "column": 67 } },
      "78": { "start": { "line": 186, "column": 6 }, "end": { "line": 186, "column": 81 } },
      "79": { "start": { "line": 187, "column": 6 }, "end": { "line": 187, "column": 22 } },
      "80": { "start": { "line": 191, "column": 0 }, "end": { "line": 191, "column": 28 } },
      "81": { "start": { "line": 194, "column": 0 }, "end": { "line": 196, "column": 1 } },
      "82": { "start": { "line": 195, "column": 2 }, "end": { "line": 195, "column": 23 } }
    },
    "fnMap": {
      "0": {
        "name": "writeNodePath",
        "decl": { "start": { "line": 15, "column": 15 }, "end": { "line": 15, "column": 28 } },
        "loc": { "start": { "line": 15, "column": 28 }, "end": { "line": 26, "column": 1 } }
      },
      "1": {
        "name": "(anonymous_10)",
        "decl": { "start": { "line": 40, "column": 10 }, "end": { "line": 40, "column": 15 } },
        "loc": { "start": { "line": 40, "column": 28 }, "end": { "line": 138, "column": 3 } }
      },
      "2": {
        "name": "(anonymous_11)",
        "decl": { "start": { "line": 144, "column": 10 }, "end": { "line": 144, "column": 15 } },
        "loc": { "start": { "line": 144, "column": 21 }, "end": { "line": 153, "column": 3 } }
      },
      "3": {
        "name": "(anonymous_12)",
        "decl": { "start": { "line": 159, "column": 10 }, "end": { "line": 159, "column": 15 } },
        "loc": { "start": { "line": 159, "column": 33 }, "end": { "line": 189, "column": 3 } }
      }
    },
    "branchMap": {
      "0": {
        "loc": { "start": { "line": 48, "column": 6 }, "end": { "line": 76, "column": 7 } },
        "type": "if",
        "locations": [
          { "start": { "line": 48, "column": 6 }, "end": { "line": 76, "column": 7 } },
          { "start": { "line": 65, "column": 13 }, "end": { "line": 76, "column": 7 } }
        ]
      },
      "1": {
        "loc": { "start": { "line": 49, "column": 8 }, "end": { "line": 64, "column": 9 } },
        "type": "if",
        "locations": [
          { "start": { "line": 49, "column": 8 }, "end": { "line": 64, "column": 9 } },
          { "start": { "line": 52, "column": 15 }, "end": { "line": 64, "column": 9 } }
        ]
      },
      "2": {
        "loc": { "start": { "line": 54, "column": 10 }, "end": { "line": 62, "column": 11 } },
        "type": "if",
        "locations": [
          { "start": { "line": 54, "column": 10 }, "end": { "line": 62, "column": 11 } }
        ]
      },
      "3": {
        "loc": { "start": { "line": 65, "column": 13 }, "end": { "line": 76, "column": 7 } },
        "type": "if",
        "locations": [{ "start": { "line": 65, "column": 13 }, "end": { "line": 76, "column": 7 } }]
      },
      "4": {
        "loc": { "start": { "line": 67, "column": 8 }, "end": { "line": 75, "column": 9 } },
        "type": "if",
        "locations": [{ "start": { "line": 67, "column": 8 }, "end": { "line": 75, "column": 9 } }]
      },
      "5": {
        "loc": { "start": { "line": 80, "column": 21 }, "end": { "line": 80, "column": 61 } },
        "type": "binary-expr",
        "locations": [
          { "start": { "line": 80, "column": 21 }, "end": { "line": 80, "column": 35 } },
          { "start": { "line": 80, "column": 39 }, "end": { "line": 80, "column": 61 } }
        ]
      },
      "6": {
        "loc": { "start": { "line": 83, "column": 6 }, "end": { "line": 92, "column": 7 } },
        "type": "if",
        "locations": [{ "start": { "line": 83, "column": 6 }, "end": { "line": 92, "column": 7 } }]
      },
      "7": {
        "loc": { "start": { "line": 94, "column": 37 }, "end": { "line": 94, "column": 54 } },
        "type": "binary-expr",
        "locations": [
          { "start": { "line": 94, "column": 37 }, "end": { "line": 94, "column": 43 } },
          { "start": { "line": 94, "column": 47 }, "end": { "line": 94, "column": 54 } }
        ]
      },
      "8": {
        "loc": { "start": { "line": 97, "column": 6 }, "end": { "line": 133, "column": 7 } },
        "type": "if",
        "locations": [
          { "start": { "line": 97, "column": 6 }, "end": { "line": 133, "column": 7 } },
          { "start": { "line": 109, "column": 13 }, "end": { "line": 133, "column": 7 } }
        ]
      },
      "9": {
        "loc": { "start": { "line": 97, "column": 10 }, "end": { "line": 97, "column": 50 } },
        "type": "binary-expr",
        "locations": [
          { "start": { "line": 97, "column": 10 }, "end": { "line": 97, "column": 24 } },
          { "start": { "line": 97, "column": 28 }, "end": { "line": 97, "column": 50 } }
        ]
      },
      "10": {
        "loc": { "start": { "line": 114, "column": 8 }, "end": { "line": 132, "column": 9 } },
        "type": "if",
        "locations": [
          { "start": { "line": 114, "column": 8 }, "end": { "line": 132, "column": 9 } },
          { "start": { "line": 122, "column": 15 }, "end": { "line": 132, "column": 9 } }
        ]
      },
      "11": {
        "loc": { "start": { "line": 162, "column": 6 }, "end": { "line": 165, "column": 7 } },
        "type": "if",
        "locations": [
          { "start": { "line": 162, "column": 6 }, "end": { "line": 165, "column": 7 } }
        ]
      },
      "12": {
        "loc": { "start": { "line": 162, "column": 10 }, "end": { "line": 162, "column": 67 } },
        "type": "binary-expr",
        "locations": [
          { "start": { "line": 162, "column": 10 }, "end": { "line": 162, "column": 27 } },
          { "start": { "line": 162, "column": 31 }, "end": { "line": 162, "column": 45 } },
          { "start": { "line": 162, "column": 49 }, "end": { "line": 162, "column": 67 } }
        ]
      },
      "13": {
        "loc": { "start": { "line": 169, "column": 6 }, "end": { "line": 172, "column": 7 } },
        "type": "if",
        "locations": [
          { "start": { "line": 169, "column": 6 }, "end": { "line": 172, "column": 7 } }
        ]
      },
      "14": {
        "loc": { "start": { "line": 194, "column": 0 }, "end": { "line": 196, "column": 1 } },
        "type": "if",
        "locations": [
          { "start": { "line": 194, "column": 0 }, "end": { "line": 196, "column": 1 } }
        ]
      }
    },
    "s": {
      "0": 0,
      "1": 0,
      "2": 0,
      "3": 0,
      "4": 0,
      "5": 0,
      "6": 0,
      "7": 0,
      "8": 0,
      "9": 0,
      "10": 0,
      "11": 0,
      "12": 0,
      "13": 0,
      "14": 0,
      "15": 0,
      "16": 0,
      "17": 0,
      "18": 0,
      "19": 0,
      "20": 0,
      "21": 0,
      "22": 0,
      "23": 0,
      "24": 0,
      "25": 0,
      "26": 0,
      "27": 0,
      "28": 0,
      "29": 0,
      "30": 0,
      "31": 0,
      "32": 0,
      "33": 0,
      "34": 0,
      "35": 0,
      "36": 0,
      "37": 0,
      "38": 0,
      "39": 0,
      "40": 0,
      "41": 0,
      "42": 0,
      "43": 0,
      "44": 0,
      "45": 0,
      "46": 0,
      "47": 0,
      "48": 0,
      "49": 0,
      "50": 0,
      "51": 0,
      "52": 0,
      "53": 0,
      "54": 0,
      "55": 0,
      "56": 0,
      "57": 0,
      "58": 0,
      "59": 0,
      "60": 0,
      "61": 0,
      "62": 0,
      "63": 0,
      "64": 0,
      "65": 0,
      "66": 0,
      "67": 0,
      "68": 0,
      "69": 0,
      "70": 0,
      "71": 0,
      "72": 0,
      "73": 0,
      "74": 0,
      "75": 0,
      "76": 0,
      "77": 0,
      "78": 0,
      "79": 0,
      "80": 0,
      "81": 0,
      "82": 0
    },
    "f": { "0": 0, "1": 0, "2": 0, "3": 0 },
    "b": {
      "0": [0, 0],
      "1": [0, 0],
      "2": [0],
      "3": [0],
      "4": [0],
      "5": [0, 0],
      "6": [0],
      "7": [0, 0],
      "8": [0, 0],
      "9": [0, 0],
      "10": [0, 0],
      "11": [0],
      "12": [0, 0, 0],
      "13": [0],
      "14": [0]
    }
  },
  "/home/runner/work/mcp-chrome/mcp-chrome/app/native-server/src/file-handler.ts": {
    "path": "/home/runner/work/mcp-chrome/mcp-chrome/app/native-server/src/file-handler.ts",
    "statementMap": {
      "0": { "start": { "line": 1, "column": 0 }, "end": { "line": 1, "column": 25 } },
      "1": { "start": { "line": 2, "column": 0 }, "end": { "line": 2, "column": 29 } },
      "2": { "start": { "line": 3, "column": 0 }, "end": { "line": 3, "column": 25 } },
      "3": { "start": { "line": 4, "column": 0 }, "end": { "line": 4, "column": 33 } },
      "4": { "start": { "line": 5, "column": 0 }, "end": { "line": 5, "column": 31 } },
      "5": { "start": { "line": 15, "column": 4 }, "end": { "line": 15, "column": 64 } },
      "6": { "start": { "line": 16, "column": 4 }, "end": { "line": 18, "column": 5 } },
      "7": { "start": { "line": 17, "column": 6 }, "end": { "line": 17, "column": 54 } },
      "8": { "start": { "line": 25, "column": 64 }, "end": { "line": 25, "column": 71 } },
      "9": { "start": { "line": 27, "column": 4 }, "end": { "line": 53, "column": 5 } },
      "10": { "start": { "line": 28, "column": 6 }, "end": { "line": 47, "column": 7 } },
      "11": { "start": { "line": 30, "column": 10 }, "end": { "line": 36, "column": 11 } },
      "12": { "start": { "line": 31, "column": 12 }, "end": { "line": 31, "column": 62 } },
      "13": { "start": { "line": 32, "column": 17 }, "end": { "line": 36, "column": 11 } },
      "14": { "start": { "line": 33, "column": 12 }, "end": { "line": 33, "column": 67 } },
      "15": { "start": { "line": 34, "column": 17 }, "end": { "line": 36, "column": 11 } },
      "16": { "start": { "line": 35, "column": 12 }, "end": { "line": 35, "column": 51 } },
      "17": { "start": { "line": 37, "column": 10 }, "end": { "line": 37, "column": 16 } },
      "18": { "start": { "line": 40, "column": 10 }, "end": { "line": 40, "column": 50 } },
      "19": { "start": { "line": 43, "column": 10 }, "end": { "line": 46, "column": 12 } },
      "20": { "start": { "line": 49, "column": 6 }, "end": { "line": 52, "column": 8 } },
      "21": { "start": { "line": 60, "column": 4 }, "end": { "line": 84, "column": 5 } },
      "22": { "start": { "line": 61, "column": 23 }, "end": { "line": 61, "column": 43 } },
      "23": { "start": { "line": 62, "column": 6 }, "end": { "line": 64, "column": 7 } },
      "24": { "start": { "line": 63, "column": 8 }, "end": { "line": 63, "column": 75 } },
      "25": { "start": { "line": 67, "column": 28 }, "end": { "line": 67, "column": 70 } },
      "26": { "start": { "line": 68, "column": 23 }, "end": { "line": 68, "column": 61 } },
      "27": { "start": { "line": 71, "column": 21 }, "end": { "line": 71, "column": 44 } },
      "28": { "start": { "line": 74, "column": 6 }, "end": { "line": 74, "column": 41 } },
      "29": { "start": { "line": 76, "column": 6 }, "end": { "line": 81, "column": 8 } },
      "30": { "start": { "line": 83, "column": 6 }, "end": { "line": 83, "column": 68 } },
      "31": { "start": { "line": 91, "column": 4 }, "end": { "line": 113, "column": 5 } },
      "32": { "start": { "line": 93, "column": 28 }, "end": { "line": 93, "column": 71 } },
      "33": { "start": { "line": 96, "column": 21 }, "end": { "line": 96, "column": 57 } },
      "34": { "start": { "line": 99, "column": 28 }, "end": { "line": 99, "column": 66 } },
      "35": { "start": { "line": 100, "column": 23 }, "end": { "line": 100, "column": 61 } },
      "36": { "start": { "line": 103, "column": 6 }, "end": { "line": 103, "column": 41 } },
      "37": { "start": { "line": 105, "column": 6 }, "end": { "line": 110, "column": 8 } },
      "38": { "start": { "line": 112, "column": 6 }, "end": { "line": 112, "column": 62 } },
      "39": { "start": { "line": 120, "column": 4 }, "end": { "line": 145, "column": 5 } },
      "40": { "start": { "line": 122, "column": 6 }, "end": { "line": 124, "column": 7 } },
      "41": { "start": { "line": 123, "column": 8 }, "end": { "line": 123, "column": 60 } },
      "42": { "start": { "line": 127, "column": 20 }, "end": { "line": 127, "column": 41 } },
      "43": { "start": { "line": 130, "column": 6 }, "end": { "line": 132, "column": 7 } },
      "44": { "start": { "line": 131, "column": 8 }, "end": { "line": 131, "column": 59 } },
      "45": { "start": { "line": 135, "column": 6 }, "end": { "line": 135, "column": 49 } },
      "46": { "start": { "line": 137, "column": 6 }, "end": { "line": 142, "column": 8 } },
      "47": { "start": { "line": 144, "column": 6 }, "end": { "line": 144, "column": 57 } },
      "48": { "start": { "line": 152, "column": 4 }, "end": { "line": 174, "column": 5 } },
      "49": { "start": { "line": 154, "column": 6 }, "end": { "line": 159, "column": 7 } },
      "50": { "start": { "line": 155, "column": 8 }, "end": { "line": 158, "column": 10 } },
      "51": { "start": { "line": 161, "column": 6 }, "end": { "line": 163, "column": 7 } },
      "52": { "start": { "line": 162, "column": 8 }, "end": { "line": 162, "column": 32 } },
      "53": { "start": { "line": 165, "column": 6 }, "end": { "line": 168, "column": 8 } },
      "54": { "start": { "line": 170, "column": 6 }, "end": { "line": 173, "column": 8 } },
      "55": { "start": { "line": 181, "column": 4 }, "end": { "line": 196, "column": 5 } },
      "56": { "start": { "line": 182, "column": 6 }, "end": { "line": 195, "column": 7 } },
      "57": { "start": { "line": 183, "column": 23 }, "end": { "line": 183, "column": 35 } },
      "58": { "start": { "line": 184, "column": 25 }, "end": { "line": 184, "column": 40 } },
      "59": { "start": { "line": 185, "column": 25 }, "end": { "line": 185, "column": 48 } },
      "60": { "start": { "line": 186, "column": 8 }, "end": { "line": 192, "column": 9 } },
      "61": { "start": { "line": 188, "column": 22 }, "end": { "line": 188, "column": 44 } },
      "62": { "start": { "line": 189, "column": 23 }, "end": { "line": 189, "column": 51 } },
      "63": { "start": { "line": 190, "column": 31 }, "end": { "line": 190, "column": 68 } },
      "64": { "start": { "line": 191, "column": 10 }, "end": { "line": 191, "column": 49 } },
      "65": { "start": { "line": 199, "column": 4 }, "end": { "line": 199, "column": 65 } },
      "66": { "start": { "line": 206, "column": 4 }, "end": { "line": 221, "column": 5 } },
      "67": { "start": { "line": 207, "column": 18 }, "end": { "line": 207, "column": 28 } },
      "68": { "start": { "line": 208, "column": 22 }, "end": { "line": 208, "column": 36 } },
      "69": { "start": { "line": 210, "column": 20 }, "end": { "line": 210, "column": 48 } },
      "70": { "start": { "line": 211, "column": 6 }, "end": { "line": 218, "column": 7 } },
      "71": { "start": { "line": 212, "column": 25 }, "end": { "line": 212, "column": 54 } },
      "72": { "start": { "line": 213, "column": 22 }, "end": { "line": 213, "column": 43 } },
      "73": { "start": { "line": 214, "column": 8 }, "end": { "line": 217, "column": 9 } },
      "74": { "start": { "line": 215, "column": 10 }, "end": { "line": 215, "column": 34 } },
      "75": { "start": { "line": 216, "column": 10 }, "end": { "line": 216, "column": 59 } },
      "76": { "start": { "line": 220, "column": 6 }, "end": { "line": 220, "column": 59 } },
      "77": { "start": { "line": 10, "column": 0 }, "end": { "line": 10, "column": 13 } },
      "78": { "start": { "line": 225, "column": 0 }, "end": { "line": 225, "column": 33 } }
    },
    "fnMap": {
      "0": {
        "name": "(anonymous_10)",
        "decl": { "start": { "line": 13, "column": 2 }, "end": { "line": 13, "column": null } },
        "loc": { "start": { "line": 13, "column": 2 }, "end": { "line": 19, "column": 3 } }
      },
      "1": {
        "name": "(anonymous_11)",
        "decl": { "start": { "line": 24, "column": 2 }, "end": { "line": 24, "column": 7 } },
        "loc": { "start": { "line": 24, "column": 38 }, "end": { "line": 54, "column": 3 } }
      },
      "2": {
        "name": "(anonymous_12)",
        "decl": { "start": { "line": 59, "column": 10 }, "end": { "line": 59, "column": 15 } },
        "loc": { "start": { "line": 59, "column": 63 }, "end": { "line": 85, "column": 3 } }
      },
      "3": {
        "name": "(anonymous_13)",
        "decl": { "start": { "line": 90, "column": 10 }, "end": { "line": 90, "column": 15 } },
        "loc": { "start": { "line": 90, "column": 68 }, "end": { "line": 114, "column": 3 } }
      },
      "4": {
        "name": "(anonymous_14)",
        "decl": { "start": { "line": 119, "column": 10 }, "end": { "line": 119, "column": 15 } },
        "loc": { "start": { "line": 119, "column": 43 }, "end": { "line": 146, "column": 3 } }
      },
      "5": {
        "name": "(anonymous_15)",
        "decl": { "start": { "line": 151, "column": 10 }, "end": { "line": 151, "column": 15 } },
        "loc": { "start": { "line": 151, "column": 44 }, "end": { "line": 175, "column": 3 } }
      },
      "6": {
        "name": "(anonymous_16)",
        "decl": { "start": { "line": 180, "column": 10 }, "end": { "line": 180, "column": 26 } },
        "loc": { "start": { "line": 180, "column": 39 }, "end": { "line": 200, "column": 3 } }
      },
      "7": {
        "name": "(anonymous_17)",
        "decl": { "start": { "line": 205, "column": 2 }, "end": { "line": 205, "column": 17 } },
        "loc": { "start": { "line": 205, "column": 17 }, "end": { "line": 222, "column": 3 } }
      }
    },
    "branchMap": {
      "0": {
        "loc": { "start": { "line": 16, "column": 4 }, "end": { "line": 18, "column": 5 } },
        "type": "if",
        "locations": [{ "start": { "line": 16, "column": 4 }, "end": { "line": 18, "column": 5 } }]
      },
      "1": {
        "loc": { "start": { "line": 28, "column": 6 }, "end": { "line": 47, "column": 7 } },
        "type": "switch",
        "locations": [
          { "start": { "line": 29, "column": 8 }, "end": { "line": 37, "column": 16 } },
          { "start": { "line": 39, "column": 8 }, "end": { "line": 40, "column": 50 } },
          { "start": { "line": 42, "column": 8 }, "end": { "line": 46, "column": 12 } }
        ]
      },
      "2": {
        "loc": { "start": { "line": 30, "column": 10 }, "end": { "line": 36, "column": 11 } },
        "type": "if",
        "locations": [
          { "start": { "line": 30, "column": 10 }, "end": { "line": 36, "column": 11 } },
          { "start": { "line": 32, "column": 17 }, "end": { "line": 36, "column": 11 } }
        ]
      },
      "3": {
        "loc": { "start": { "line": 32, "column": 17 }, "end": { "line": 36, "column": 11 } },
        "type": "if",
        "locations": [
          { "start": { "line": 32, "column": 17 }, "end": { "line": 36, "column": 11 } },
          { "start": { "line": 34, "column": 17 }, "end": { "line": 36, "column": 11 } }
        ]
      },
      "4": {
        "loc": { "start": { "line": 34, "column": 17 }, "end": { "line": 36, "column": 11 } },
        "type": "if",
        "locations": [
          { "start": { "line": 34, "column": 17 }, "end": { "line": 36, "column": 11 } }
        ]
      },
      "5": {
        "loc": { "start": { "line": 51, "column": 15 }, "end": { "line": 51, "column": 69 } },
        "type": "cond-expr",
        "locations": [
          { "start": { "line": 51, "column": 40 }, "end": { "line": 51, "column": 53 } },
          { "start": { "line": 51, "column": 56 }, "end": { "line": 51, "column": 69 } }
        ]
      },
      "6": {
        "loc": { "start": { "line": 62, "column": 6 }, "end": { "line": 64, "column": 7 } },
        "type": "if",
        "locations": [{ "start": { "line": 62, "column": 6 }, "end": { "line": 64, "column": 7 } }]
      },
      "7": {
        "loc": { "start": { "line": 67, "column": 28 }, "end": { "line": 67, "column": 70 } },
        "type": "binary-expr",
        "locations": [
          { "start": { "line": 67, "column": 28 }, "end": { "line": 67, "column": 36 } },
          { "start": { "line": 67, "column": 40 }, "end": { "line": 67, "column": 70 } }
        ]
      },
      "8": {
        "loc": { "start": { "line": 99, "column": 28 }, "end": { "line": 99, "column": 66 } },
        "type": "binary-expr",
        "locations": [
          { "start": { "line": 99, "column": 28 }, "end": { "line": 99, "column": 36 } },
          { "start": { "line": 99, "column": 40 }, "end": { "line": 99, "column": 66 } }
        ]
      },
      "9": {
        "loc": { "start": { "line": 122, "column": 6 }, "end": { "line": 124, "column": 7 } },
        "type": "if",
        "locations": [
          { "start": { "line": 122, "column": 6 }, "end": { "line": 124, "column": 7 } }
        ]
      },
      "10": {
        "loc": { "start": { "line": 130, "column": 6 }, "end": { "line": 132, "column": 7 } },
        "type": "if",
        "locations": [
          { "start": { "line": 130, "column": 6 }, "end": { "line": 132, "column": 7 } }
        ]
      },
      "11": {
        "loc": { "start": { "line": 154, "column": 6 }, "end": { "line": 159, "column": 7 } },
        "type": "if",
        "locations": [
          { "start": { "line": 154, "column": 6 }, "end": { "line": 159, "column": 7 } }
        ]
      },
      "12": {
        "loc": { "start": { "line": 161, "column": 6 }, "end": { "line": 163, "column": 7 } },
        "type": "if",
        "locations": [
          { "start": { "line": 161, "column": 6 }, "end": { "line": 163, "column": 7 } }
        ]
      },
      "13": {
        "loc": { "start": { "line": 181, "column": 4 }, "end": { "line": 196, "column": 5 } },
        "type": "if",
        "locations": [
          { "start": { "line": 181, "column": 4 }, "end": { "line": 196, "column": 5 } }
        ]
      },
      "14": {
        "loc": { "start": { "line": 186, "column": 8 }, "end": { "line": 192, "column": 9 } },
        "type": "if",
        "locations": [
          { "start": { "line": 186, "column": 8 }, "end": { "line": 192, "column": 9 } }
        ]
      },
      "15": {
        "loc": { "start": { "line": 186, "column": 12 }, "end": { "line": 186, "column": 40 } },
        "type": "binary-expr",
        "locations": [
          { "start": { "line": 186, "column": 12 }, "end": { "line": 186, "column": 20 } },
          { "start": { "line": 186, "column": 24 }, "end": { "line": 186, "column": 40 } }
        ]
      },
      "16": {
        "loc": { "start": { "line": 214, "column": 8 }, "end": { "line": 217, "column": 9 } },
        "type": "if",
        "locations": [
          { "start": { "line": 214, "column": 8 }, "end": { "line": 217, "column": 9 } }
        ]
      }
    },
    "s": {
      "0": 1,
      "1": 1,
      "2": 1,
      "3": 1,
      "4": 1,
      "5": 1,
      "6": 1,
      "7": 1,
      "8": 0,
      "9": 0,
      "10": 0,
      "11": 0,
      "12": 0,
      "13": 0,
      "14": 0,
      "15": 0,
      "16": 0,
      "17": 0,
      "18": 0,
      "19": 0,
      "20": 0,
      "21": 0,
      "22": 0,
      "23": 0,
      "24": 0,
      "25": 0,
      "26": 0,
      "27": 0,
      "28": 0,
      "29": 0,
      "30": 0,
      "31": 0,
      "32": 0,
      "33": 0,
      "34": 0,
      "35": 0,
      "36": 0,
      "37": 0,
      "38": 0,
      "39": 0,
      "40": 0,
      "41": 0,
      "42": 0,
      "43": 0,
      "44": 0,
      "45": 0,
      "46": 0,
      "47": 0,
      "48": 0,
      "49": 0,
      "50": 0,
      "51": 0,
      "52": 0,
      "53": 0,
      "54": 0,
      "55": 0,
      "56": 0,
      "57": 0,
      "58": 0,
      "59": 0,
      "60": 0,
      "61": 0,
      "62": 0,
      "63": 0,
      "64": 0,
      "65": 0,
      "66": 0,
      "67": 0,
      "68": 0,
      "69": 0,
      "70": 0,
      "71": 0,
      "72": 0,
      "73": 0,
      "74": 0,
      "75": 0,
      "76": 0,
      "77": 1,
      "78": 1
    },
    "f": { "0": 1, "1": 0, "2": 0, "3": 0, "4": 0, "5": 0, "6": 0, "7": 0 },
    "b": {
      "0": [1],
      "1": [0, 0, 0],
      "2": [0, 0],
      "3": [0, 0],
      "4": [0],
      "5": [0, 0],
      "6": [0],
      "7": [0, 0],
      "8": [0, 0],
      "9": [0],
      "10": [0],
      "11": [0],
      "12": [0],
      "13": [0],
      "14": [0],
      "15": [0, 0],
      "16": [0]
    }
  },
  "/home/runner/work/mcp-chrome/mcp-chrome/app/native-server/src/index.ts": {
    "path": "/home/runner/work/mcp-chrome/mcp-chrome/app/native-server/src/index.ts",
    "statementMap": {
      "0": { "start": { "line": 2, "column": 0 }, "end": { "line": 2, "column": 38 } },
      "1": { "start": { "line": 3, "column": 0 }, "end": { "line": 3, "column": 66 } },
      "2": { "start": { "line": 5, "column": 0 }, "end": { "line": 11, "column": 1 } },
      "3": { "start": { "line": 6, "column": 2 }, "end": { "line": 6, "column": 60 } },
      "4": { "start": { "line": 7, "column": 2 }, "end": { "line": 7, "column": 56 } },
      "5": { "start": { "line": 8, "column": 2 }, "end": { "line": 8, "column": 38 } },
      "6": { "start": { "line": 10, "column": 2 }, "end": { "line": 10, "column": 18 } },
      "7": { "start": { "line": 13, "column": 0 }, "end": { "line": 15, "column": 3 } },
      "8": { "start": { "line": 14, "column": 2 }, "end": { "line": 14, "column": 18 } },
      "9": { "start": { "line": 18, "column": 0 }, "end": { "line": 20, "column": 3 } },
      "10": { "start": { "line": 19, "column": 2 }, "end": { "line": 19, "column": 18 } },
      "11": { "start": { "line": 22, "column": 0 }, "end": { "line": 24, "column": 3 } },
      "12": { "start": { "line": 23, "column": 2 }, "end": { "line": 23, "column": 18 } },
      "13": { "start": { "line": 26, "column": 0 }, "end": { "line": 27, "column": 3 } },
      "14": { "start": { "line": 29, "column": 0 }, "end": { "line": 31, "column": 3 } },
      "15": { "start": { "line": 30, "column": 2 }, "end": { "line": 30, "column": 18 } },
      "16": { "start": { "line": 33, "column": 0 }, "end": { "line": 35, "column": 3 } }
    },
    "fnMap": {
      "0": {
        "name": "(anonymous_1)",
        "decl": { "start": { "line": 13, "column": 20 }, "end": { "line": 13, "column": 21 } },
        "loc": { "start": { "line": 13, "column": 30 }, "end": { "line": 15, "column": 1 } }
      },
      "1": {
        "name": "(anonymous_2)",
        "decl": { "start": { "line": 18, "column": 21 }, "end": { "line": 18, "column": 24 } },
        "loc": { "start": { "line": 18, "column": 26 }, "end": { "line": 20, "column": 1 } }
      },
      "2": {
        "name": "(anonymous_3)",
        "decl": { "start": { "line": 22, "column": 22 }, "end": { "line": 22, "column": 25 } },
        "loc": { "start": { "line": 22, "column": 27 }, "end": { "line": 24, "column": 1 } }
      },
      "3": {
        "name": "(anonymous_4)",
        "decl": { "start": { "line": 26, "column": 19 }, "end": { "line": 26, "column": 20 } },
        "loc": { "start": { "line": 26, "column": 28 }, "end": { "line": 27, "column": 1 } }
      },
      "4": {
        "name": "(anonymous_5)",
        "decl": { "start": { "line": 29, "column": 32 }, "end": { "line": 29, "column": 33 } },
        "loc": { "start": { "line": 29, "column": 42 }, "end": { "line": 31, "column": 1 } }
      },
      "5": {
        "name": "(anonymous_6)",
        "decl": { "start": { "line": 33, "column": 33 }, "end": { "line": 33, "column": 34 } },
        "loc": { "start": { "line": 33, "column": 44 }, "end": { "line": 35, "column": 1 } }
      }
    },
    "branchMap": {},
    "s": {
      "0": 0,
      "1": 0,
      "2": 0,
      "3": 0,
      "4": 0,
      "5": 0,
      "6": 0,
      "7": 0,
      "8": 0,
      "9": 0,
      "10": 0,
      "11": 0,
      "12": 0,
      "13": 0,
      "14": 0,
      "15": 0,
      "16": 0
    },
    "f": { "0": 0, "1": 0, "2": 0, "3": 0, "4": 0, "5": 0 },
    "b": {}
  },
  "/home/runner/work/mcp-chrome/mcp-chrome/app/native-server/src/native-messaging-host.ts": {
    "path": "/home/runner/work/mcp-chrome/mcp-chrome/app/native-server/src/native-messaging-host.ts",
    "statementMap": {
      "0": { "start": { "line": 1, "column": 0 }, "end": { "line": 1, "column": 40 } },
      "1": { "start": { "line": 3, "column": 0 }, "end": { "line": 3, "column": 36 } },
      "2": { "start": { "line": 4, "column": 0 }, "end": { "line": 4, "column": 54 } },
      "3": { "start": { "line": 5, "column": 0 }, "end": { "line": 5, "column": 38 } },
      "4": { "start": { "line": 6, "column": 0 }, "end": { "line": 6, "column": 41 } },
      "5": { "start": { "line": 15, "column": 10 }, "end": { "line": 15, "column": 49 } },
      "6": { "start": { "line": 16, "column": 10 }, "end": { "line": 16, "column": 67 } },
      "7": { "start": { "line": 19, "column": 4 }, "end": { "line": 19, "column": 43 } },
      "8": { "start": { "line": 24, "column": 4 }, "end": { "line": 28, "column": 5 } },
      "9": { "start": { "line": 25, "column": 6 }, "end": { "line": 25, "column": 34 } },
      "10": { "start": { "line": 27, "column": 6 }, "end": { "line": 27, "column": 22 } },
      "11": { "start": { "line": 32, "column": 17 }, "end": { "line": 32, "column": 32 } },
      "12": { "start": { "line": 33, "column": 25 }, "end": { "line": 33, "column": 27 } },
      "13": { "start": { "line": 35, "column": 4 }, "end": { "line": 58, "column": 7 } },
      "14": { "start": { "line": 37, "column": 6 }, "end": { "line": 57, "column": 7 } },
      "15": { "start": { "line": 38, "column": 8 }, "end": { "line": 38, "column": 48 } },
      "16": { "start": { "line": 40, "column": 8 }, "end": { "line": 43, "column": 9 } },
      "17": { "start": { "line": 41, "column": 10 }, "end": { "line": 41, "column": 50 } },
      "18": { "start": { "line": 42, "column": 10 }, "end": { "line": 42, "column": 35 } },
      "19": { "start": { "line": 45, "column": 8 }, "end": { "line": 56, "column": 9 } },
      "20": { "start": { "line": 46, "column": 32 }, "end": { "line": 46, "column": 63 } },
      "21": { "start": { "line": 47, "column": 10 }, "end": { "line": 47, "column": 48 } },
      "22": { "start": { "line": 49, "column": 10 }, "end": { "line": 54, "column": 11 } },
      "23": { "start": { "line": 50, "column": 28 }, "end": { "line": 50, "column": 64 } },
      "24": { "start": { "line": 51, "column": 12 }, "end": { "line": 51, "column": 40 } },
      "25": { "start": { "line": 53, "column": 12 }, "end": { "line": 53, "column": 72 } },
      "26": { "start": { "line": 55, "column": 10 }, "end": { "line": 55, "column": 30 } },
      "27": { "start": { "line": 60, "column": 4 }, "end": { "line": 62, "column": 7 } },
      "28": { "start": { "line": 61, "column": 6 }, "end": { "line": 61, "column": 21 } },
      "29": { "start": { "line": 64, "column": 4 }, "end": { "line": 66, "column": 7 } },
      "30": { "start": { "line": 65, "column": 6 }, "end": { "line": 65, "column": 21 } },
      "31": { "start": { "line": 70, "column": 4 }, "end": { "line": 73, "column": 5 } },
      "32": { "start": { "line": 71, "column": 6 }, "end": { "line": 71, "column": 47 } },
      "33": { "start": { "line": 72, "column": 6 }, "end": { "line": 72, "column": 13 } },
      "34": { "start": { "line": 75, "column": 4 }, "end": { "line": 91, "column": 5 } },
      "35": { "start": { "line": 76, "column": 24 }, "end": { "line": 76, "column": 51 } },
      "36": { "start": { "line": 77, "column": 22 }, "end": { "line": 77, "column": 57 } },
      "37": { "start": { "line": 79, "column": 6 }, "end": { "line": 89, "column": 7 } },
      "38": { "start": { "line": 80, "column": 8 }, "end": { "line": 80, "column": 40 } },
      "39": { "start": { "line": 81, "column": 8 }, "end": { "line": 85, "column": 9 } },
      "40": { "start": { "line": 82, "column": 10 }, "end": { "line": 82, "column": 51 } },
      "41": { "start": { "line": 84, "column": 10 }, "end": { "line": 84, "column": 43 } },
      "42": { "start": { "line": 86, "column": 8 }, "end": { "line": 86, "column": 47 } },
      "43": { "start": { "line": 90, "column": 6 }, "end": { "line": 90, "column": 13 } },
      "44": { "start": { "line": 94, "column": 4 }, "end": { "line": 119, "column": 5 } },
      "45": { "start": { "line": 95, "column": 6 }, "end": { "line": 116, "column": 7 } },
      "46": { "start": { "line": 97, "column": 10 }, "end": { "line": 97, "column": 64 } },
      "47": { "start": { "line": 98, "column": 10 }, "end": { "line": 98, "column": 16 } },
      "48": { "start": { "line": 100, "column": 10 }, "end": { "line": 100, "column": 34 } },
      "49": { "start": { "line": 101, "column": 10 }, "end": { "line": 101, "column": 16 } },
      "50": { "start": { "line": 104, "column": 10 }, "end": { "line": 104, "column": 58 } },
      "51": { "start": { "line": 105, "column": 10 }, "end": { "line": 105, "column": 16 } },
      "52": { "start": { "line": 107, "column": 10 }, "end": { "line": 107, "column": 50 } },
      "53": { "start": { "line": 108, "column": 10 }, "end": { "line": 108, "column": 16 } },
      "54": { "start": { "line": 111, "column": 10 }, "end": { "line": 115, "column": 11 } },
      "55": { "start": { "line": 112, "column": 12 }, "end": { "line": 114, "column": 14 } },
      "56": { "start": { "line": 118, "column": 6 }, "end": { "line": 118, "column": 77 } },
      "57": { "start": { "line": 126, "column": 4 }, "end": { "line": 158, "column": 5 } },
      "58": { "start": { "line": 127, "column": 21 }, "end": { "line": 127, "column": 73 } },
      "59": { "start": { "line": 129, "column": 6 }, "end": { "line": 142, "column": 7 } },
      "60": { "start": { "line": 131, "column": 8 }, "end": { "line": 135, "column": 11 } },
      "61": { "start": { "line": 138, "column": 8 }, "end": { "line": 141, "column": 11 } },
      "62": { "start": { "line": 144, "column": 28 }, "end": { "line": 147, "column": 8 } },
      "63": { "start": { "line": 149, "column": 6 }, "end": { "line": 157, "column": 7 } },
      "64": { "start": { "line": 150, "column": 8 }, "end": { "line": 154, "column": 11 } },
      "65": { "start": { "line": 156, "column": 8 }, "end": { "line": 156, "column": 72 } },
      "66": { "start": { "line": 172, "column": 4 }, "end": { "line": 189, "column": 7 } },
      "67": { "start": { "line": 173, "column": 24 }, "end": { "line": 173, "column": 32 } },
      "68": { "start": { "line": 175, "column": 24 }, "end": { "line": 178, "column": 19 } },
      "69": { "start": { "line": 176, "column": 8 }, "end": { "line": 176, "column": 47 } },
      "70": { "start": { "line": 177, "column": 8 }, "end": { "line": 177, "column": 68 } },
      "71": { "start": { "line": 181, "column": 6 }, "end": { "line": 181, "column": 74 } },
      "72": { "start": { "line": 184, "column": 6 }, "end": { "line": 188, "column": 9 } },
      "73": { "start": { "line": 196, "column": 4 }, "end": { "line": 199, "column": 5 } },
      "74": { "start": { "line": 197, "column": 6 }, "end": { "line": 197, "column": 64 } },
      "75": { "start": { "line": 198, "column": 6 }, "end": { "line": 198, "column": 13 } },
      "76": { "start": { "line": 200, "column": 4 }, "end": { "line": 218, "column": 5 } },
      "77": { "start": { "line": 201, "column": 6 }, "end": { "line": 207, "column": 7 } },
      "78": { "start": { "line": 202, "column": 8 }, "end": { "line": 205, "column": 11 } },
      "79": { "start": { "line": 206, "column": 8 }, "end": { "line": 206, "column": 15 } },
      "80": { "start": { "line": 209, "column": 6 }, "end": { "line": 209, "column": 52 } },
      "81": { "start": { "line": 211, "column": 6 }, "end": { "line": 214, "column": 9 } },
      "82": { "start": { "line": 217, "column": 6 }, "end": { "line": 217, "column": 65 } },
      "83": { "start": { "line": 225, "column": 4 }, "end": { "line": 228, "column": 5 } },
      "84": { "start": { "line": 226, "column": 6 }, "end": { "line": 226, "column": 64 } },
      "85": { "start": { "line": 227, "column": 6 }, "end": { "line": 227, "column": 13 } },
      "86": { "start": { "line": 229, "column": 4 }, "end": { "line": 245, "column": 5 } },
      "87": { "start": { "line": 231, "column": 6 }, "end": { "line": 237, "column": 7 } },
      "88": { "start": { "line": 232, "column": 8 }, "end": { "line": 235, "column": 11 } },
      "89": { "start": { "line": 236, "column": 8 }, "end": { "line": 236, "column": 15 } },
      "90": { "start": { "line": 239, "column": 6 }, "end": { "line": 239, "column": 41 } },
      "91": { "start": { "line": 242, "column": 6 }, "end": { "line": 242, "column": 67 } },
      "92": { "start": { "line": 244, "column": 6 }, "end": { "line": 244, "column": 64 } },
      "93": { "start": { "line": 252, "column": 4 }, "end": { "line": 269, "column": 5 } },
      "94": { "start": { "line": 253, "column": 28 }, "end": { "line": 253, "column": 51 } },
      "95": { "start": { "line": 254, "column": 28 }, "end": { "line": 254, "column": 54 } },
      "96": { "start": { "line": 255, "column": 27 }, "end": { "line": 255, "column": 42 } },
      "97": { "start": { "line": 256, "column": 6 }, "end": { "line": 256, "column": 58 } },
      "98": { "start": { "line": 258, "column": 6 }, "end": { "line": 264, "column": 9 } },
      "99": { "start": { "line": 259, "column": 8 }, "end": { "line": 263, "column": 9 } },
      "100": { "start": { "line": 276, "column": 4 }, "end": { "line": 279, "column": 7 } },
      "101": { "start": { "line": 289, "column": 4 }, "end": { "line": 292, "column": 7 } },
      "102": { "start": { "line": 290, "column": 6 }, "end": { "line": 290, "column": 38 } },
      "103": { "start": { "line": 291, "column": 6 }, "end": { "line": 291, "column": 88 } },
      "104": { "start": { "line": 293, "column": 4 }, "end": { "line": 293, "column": 33 } },
      "105": { "start": { "line": 295, "column": 4 }, "end": { "line": 306, "column": 5 } },
      "106": { "start": { "line": 296, "column": 6 }, "end": { "line": 303, "column": 11 } },
      "107": { "start": { "line": 299, "column": 10 }, "end": { "line": 299, "column": 26 } },
      "108": { "start": { "line": 302, "column": 10 }, "end": { "line": 302, "column": 26 } },
      "109": { "start": { "line": 305, "column": 6 }, "end": { "line": 305, "column": 22 } },
      "110": { "start": { "line": 14, "column": 0 }, "end": { "line": 14, "column": 13 } },
      "111": { "start": { "line": 310, "column": 36 }, "end": { "line": 310, "column": 61 } },
      "112": { "start": { "line": 311, "column": 0 }, "end": { "line": 311, "column": 43 } }
    },
    "fnMap": {
      "0": {
        "name": "(anonymous_1)",
        "decl": { "start": { "line": 14, "column": 0 }, "end": { "line": 14, "column": 13 } },
        "loc": { "start": { "line": 14, "column": 0 }, "end": { "line": 308, "column": 1 } }
      },
      "1": {
        "name": "(anonymous_2)",
        "decl": { "start": { "line": 18, "column": 9 }, "end": { "line": 18, "column": 18 } },
        "loc": { "start": { "line": 18, "column": 41 }, "end": { "line": 20, "column": 3 } }
      },
      "2": {
        "name": "(anonymous_3)",
        "decl": { "start": { "line": 23, "column": 9 }, "end": { "line": 23, "column": 14 } },
        "loc": { "start": { "line": 23, "column": 14 }, "end": { "line": 29, "column": 3 } }
      },
      "3": {
        "name": "(anonymous_4)",
        "decl": { "start": { "line": 31, "column": 10 }, "end": { "line": 31, "column": 30 } },
        "loc": { "start": { "line": 31, "column": 30 }, "end": { "line": 67, "column": 3 } }
      },
      "4": {
        "name": "(anonymous_5)",
        "decl": { "start": { "line": 35, "column": 25 }, "end": { "line": 35, "column": 28 } },
        "loc": { "start": { "line": 35, "column": 30 }, "end": { "line": 58, "column": 5 } }
      },
      "5": {
        "name": "(anonymous_6)",
        "decl": { "start": { "line": 60, "column": 20 }, "end": { "line": 60, "column": 23 } },
        "loc": { "start": { "line": 60, "column": 25 }, "end": { "line": 62, "column": 5 } }
      },
      "6": {
        "name": "(anonymous_7)",
        "decl": { "start": { "line": 64, "column": 22 }, "end": { "line": 64, "column": 25 } },
        "loc": { "start": { "line": 64, "column": 27 }, "end": { "line": 66, "column": 5 } }
      },
      "7": {
        "name": "(anonymous_8)",
        "decl": { "start": { "line": 69, "column": 10 }, "end": { "line": 69, "column": 15 } },
        "loc": { "start": { "line": 69, "column": 42 }, "end": { "line": 120, "column": 3 } }
      },
      "8": {
        "name": "(anonymous_9)",
        "decl": { "start": { "line": 125, "column": 10 }, "end": { "line": 125, "column": 15 } },
        "loc": { "start": { "line": 125, "column": 48 }, "end": { "line": 159, "column": 3 } }
      },
      "9": {
        "name": "(anonymous_10)",
        "decl": { "start": { "line": 167, "column": 9 }, "end": { "line": 167, "column": 38 } },
        "loc": { "start": { "line": 170, "column": 56 }, "end": { "line": 190, "column": 3 } }
      },
      "10": {
        "name": "(anonymous_11)",
        "decl": { "start": { "line": 172, "column": 23 }, "end": { "line": 172, "column": 24 } },
        "loc": { "start": { "line": 172, "column": 43 }, "end": { "line": 189, "column": 5 } }
      },
      "11": {
        "name": "(anonymous_12)",
        "decl": { "start": { "line": 175, "column": 35 }, "end": { "line": 175, "column": 38 } },
        "loc": { "start": { "line": 175, "column": 40 }, "end": { "line": 178, "column": 7 } }
      },
      "12": {
        "name": "(anonymous_13)",
        "decl": { "start": { "line": 195, "column": 10 }, "end": { "line": 195, "column": 15 } },
        "loc": { "start": { "line": 195, "column": 40 }, "end": { "line": 219, "column": 3 } }
      },
      "13": {
        "name": "(anonymous_14)",
        "decl": { "start": { "line": 224, "column": 10 }, "end": { "line": 224, "column": 15 } },
        "loc": { "start": { "line": 224, "column": 26 }, "end": { "line": 246, "column": 3 } }
      },
      "14": {
        "name": "(anonymous_15)",
        "decl": { "start": { "line": 251, "column": 9 }, "end": { "line": 251, "column": 20 } },
        "loc": { "start": { "line": 251, "column": 33 }, "end": { "line": 270, "column": 3 } }
      },
      "15": {
        "name": "(anonymous_16)",
        "decl": { "start": { "line": 258, "column": 65 }, "end": { "line": 258, "column": 66 } },
        "loc": { "start": { "line": 258, "column": 73 }, "end": { "line": 264, "column": 7 } }
      },
      "16": {
        "name": "(anonymous_17)",
        "decl": { "start": { "line": 275, "column": 10 }, "end": { "line": 275, "column": 19 } },
        "loc": { "start": { "line": 275, "column": 40 }, "end": { "line": 280, "column": 3 } }
      },
      "17": {
        "name": "(anonymous_18)",
        "decl": { "start": { "line": 287, "column": 10 }, "end": { "line": 287, "column": 17 } },
        "loc": { "start": { "line": 287, "column": 17 }, "end": { "line": 307, "column": 3 } }
      },
      "18": {
        "name": "(anonymous_19)",
        "decl": { "start": { "line": 289, "column": 33 }, "end": { "line": 289, "column": 34 } },
        "loc": { "start": { "line": 289, "column": 45 }, "end": { "line": 292, "column": 5 } }
      },
      "19": {
        "name": "(anonymous_20)",
        "decl": { "start": { "line": 298, "column": 14 }, "end": { "line": 298, "column": 17 } },
        "loc": { "start": { "line": 298, "column": 19 }, "end": { "line": 300, "column": 9 } }
      },
      "20": {
        "name": "(anonymous_21)",
        "decl": { "start": { "line": 301, "column": 15 }, "end": { "line": 301, "column": 18 } },
        "loc": { "start": { "line": 301, "column": 20 }, "end": { "line": 303, "column": 9 } }
      }
    },
    "branchMap": {
      "0": {
        "loc": { "start": { "line": 40, "column": 8 }, "end": { "line": 43, "column": 9 } },
        "type": "if",
        "locations": [{ "start": { "line": 40, "column": 8 }, "end": { "line": 43, "column": 9 } }]
      },
      "1": {
        "loc": { "start": { "line": 40, "column": 12 }, "end": { "line": 40, "column": 55 } },
        "type": "binary-expr",
        "locations": [
          { "start": { "line": 40, "column": 12 }, "end": { "line": 40, "column": 33 } },
          { "start": { "line": 40, "column": 37 }, "end": { "line": 40, "column": 55 } }
        ]
      },
      "2": {
        "loc": { "start": { "line": 45, "column": 8 }, "end": { "line": 56, "column": 9 } },
        "type": "if",
        "locations": [{ "start": { "line": 45, "column": 8 }, "end": { "line": 56, "column": 9 } }]
      },
      "3": {
        "loc": { "start": { "line": 45, "column": 12 }, "end": { "line": 45, "column": 68 } },
        "type": "binary-expr",
        "locations": [
          { "start": { "line": 45, "column": 12 }, "end": { "line": 45, "column": 33 } },
          { "start": { "line": 45, "column": 37 }, "end": { "line": 45, "column": 68 } }
        ]
      },
      "4": {
        "loc": { "start": { "line": 70, "column": 4 }, "end": { "line": 73, "column": 5 } },
        "type": "if",
        "locations": [{ "start": { "line": 70, "column": 4 }, "end": { "line": 73, "column": 5 } }]
      },
      "5": {
        "loc": { "start": { "line": 70, "column": 8 }, "end": { "line": 70, "column": 47 } },
        "type": "binary-expr",
        "locations": [
          { "start": { "line": 70, "column": 8 }, "end": { "line": 70, "column": 16 } },
          { "start": { "line": 70, "column": 20 }, "end": { "line": 70, "column": 47 } }
        ]
      },
      "6": {
        "loc": { "start": { "line": 75, "column": 4 }, "end": { "line": 91, "column": 5 } },
        "type": "if",
        "locations": [{ "start": { "line": 75, "column": 4 }, "end": { "line": 91, "column": 5 } }]
      },
      "7": {
        "loc": { "start": { "line": 79, "column": 6 }, "end": { "line": 89, "column": 7 } },
        "type": "if",
        "locations": [
          { "start": { "line": 79, "column": 6 }, "end": { "line": 89, "column": 7 } },
          { "start": { "line": 87, "column": 13 }, "end": { "line": 89, "column": 7 } }
        ]
      },
      "8": {
        "loc": { "start": { "line": 81, "column": 8 }, "end": { "line": 85, "column": 9 } },
        "type": "if",
        "locations": [
          { "start": { "line": 81, "column": 8 }, "end": { "line": 85, "column": 9 } },
          { "start": { "line": 83, "column": 15 }, "end": { "line": 85, "column": 9 } }
        ]
      },
      "9": {
        "loc": { "start": { "line": 95, "column": 6 }, "end": { "line": 116, "column": 7 } },
        "type": "switch",
        "locations": [
          { "start": { "line": 96, "column": 8 }, "end": { "line": 98, "column": 16 } },
          { "start": { "line": 99, "column": 8 }, "end": { "line": 101, "column": 16 } },
          { "start": { "line": 103, "column": 8 }, "end": { "line": 105, "column": 16 } },
          { "start": { "line": 106, "column": 8 }, "end": { "line": 108, "column": 16 } },
          { "start": { "line": 109, "column": 8 }, "end": { "line": 115, "column": 11 } }
        ]
      },
      "10": {
        "loc": { "start": { "line": 97, "column": 33 }, "end": { "line": 97, "column": 62 } },
        "type": "binary-expr",
        "locations": [
          { "start": { "line": 97, "column": 33 }, "end": { "line": 97, "column": 54 } },
          { "start": { "line": 97, "column": 58 }, "end": { "line": 97, "column": 62 } }
        ]
      },
      "11": {
        "loc": { "start": { "line": 97, "column": 33 }, "end": { "line": 97, "column": 54 } },
        "type": "cond-expr",
        "locations": [
          { "start": { "line": 97, "column": 48 }, "end": { "line": 97, "column": 50 } },
          { "start": { "line": 97, "column": 48 }, "end": { "line": 97, "column": 54 } }
        ]
      },
      "12": {
        "loc": { "start": { "line": 97, "column": 33 }, "end": { "line": 97, "column": 50 } },
        "type": "binary-expr",
        "locations": [
          { "start": { "line": 97, "column": 33 }, "end": { "line": 97, "column": 50 } },
          { "start": { "line": 97, "column": 48 }, "end": { "line": 97, "column": 50 } }
        ]
      },
      "13": {
        "loc": { "start": { "line": 111, "column": 10 }, "end": { "line": 115, "column": 11 } },
        "type": "if",
        "locations": [
          { "start": { "line": 111, "column": 10 }, "end": { "line": 115, "column": 11 } }
        ]
      },
      "14": {
        "loc": { "start": { "line": 113, "column": 63 }, "end": { "line": 113, "column": 88 } },
        "type": "binary-expr",
        "locations": [
          { "start": { "line": 113, "column": 63 }, "end": { "line": 113, "column": 75 } },
          { "start": { "line": 113, "column": 79 }, "end": { "line": 113, "column": 88 } }
        ]
      },
      "15": {
        "loc": { "start": { "line": 129, "column": 6 }, "end": { "line": 142, "column": 7 } },
        "type": "if",
        "locations": [
          { "start": { "line": 129, "column": 6 }, "end": { "line": 142, "column": 7 } },
          { "start": { "line": 136, "column": 13 }, "end": { "line": 142, "column": 7 } }
        ]
      },
      "16": {
        "loc": { "start": { "line": 146, "column": 15 }, "end": { "line": 146, "column": 69 } },
        "type": "binary-expr",
        "locations": [
          { "start": { "line": 146, "column": 15 }, "end": { "line": 146, "column": 28 } },
          { "start": { "line": 146, "column": 32 }, "end": { "line": 146, "column": 69 } }
        ]
      },
      "17": {
        "loc": { "start": { "line": 149, "column": 6 }, "end": { "line": 157, "column": 7 } },
        "type": "if",
        "locations": [
          { "start": { "line": 149, "column": 6 }, "end": { "line": 157, "column": 7 } },
          { "start": { "line": 155, "column": 13 }, "end": { "line": 157, "column": 7 } }
        ]
      },
      "18": {
        "loc": { "start": { "line": 169, "column": 4 }, "end": { "line": 169, "column": 40 } },
        "type": "default-arg",
        "locations": [
          { "start": { "line": 169, "column": 26 }, "end": { "line": 169, "column": 40 } }
        ]
      },
      "19": {
        "loc": { "start": { "line": 170, "column": 4 }, "end": { "line": 170, "column": 56 } },
        "type": "default-arg",
        "locations": [
          { "start": { "line": 170, "column": 24 }, "end": { "line": 170, "column": 56 } }
        ]
      },
      "20": {
        "loc": { "start": { "line": 196, "column": 4 }, "end": { "line": 199, "column": 5 } },
        "type": "if",
        "locations": [
          { "start": { "line": 196, "column": 4 }, "end": { "line": 199, "column": 5 } }
        ]
      },
      "21": {
        "loc": { "start": { "line": 201, "column": 6 }, "end": { "line": 207, "column": 7 } },
        "type": "if",
        "locations": [
          { "start": { "line": 201, "column": 6 }, "end": { "line": 207, "column": 7 } }
        ]
      },
      "22": {
        "loc": { "start": { "line": 225, "column": 4 }, "end": { "line": 228, "column": 5 } },
        "type": "if",
        "locations": [
          { "start": { "line": 225, "column": 4 }, "end": { "line": 228, "column": 5 } }
        ]
      },
      "23": {
        "loc": { "start": { "line": 231, "column": 6 }, "end": { "line": 237, "column": 7 } },
        "type": "if",
        "locations": [
          { "start": { "line": 231, "column": 6 }, "end": { "line": 237, "column": 7 } }
        ]
      },
      "24": {
        "loc": { "start": { "line": 259, "column": 8 }, "end": { "line": 263, "column": 9 } },
        "type": "if",
        "locations": [
          { "start": { "line": 259, "column": 8 }, "end": { "line": 263, "column": 9 } },
          { "start": { "line": 261, "column": 15 }, "end": { "line": 263, "column": 9 } }
        ]
      },
      "25": {
        "loc": { "start": { "line": 295, "column": 4 }, "end": { "line": 306, "column": 5 } },
        "type": "if",
        "locations": [
          { "start": { "line": 295, "column": 4 }, "end": { "line": 306, "column": 5 } },
          { "start": { "line": 304, "column": 11 }, "end": { "line": 306, "column": 5 } }
        ]
      },
      "26": {
        "loc": { "start": { "line": 295, "column": 8 }, "end": { "line": 295, "column": 64 } },
        "type": "binary-expr",
        "locations": [
          { "start": { "line": 295, "column": 8 }, "end": { "line": 295, "column": 29 } },
          { "start": { "line": 295, "column": 33 }, "end": { "line": 295, "column": 64 } }
        ]
      }
    },
    "s": {
      "0": 1,
      "1": 1,
      "2": 1,
      "3": 1,
      "4": 1,
      "5": 1,
      "6": 1,
      "7": 0,
      "8": 0,
      "9": 0,
      "10": 0,
      "11": 0,
      "12": 0,
      "13": 0,
      "14": 0,
      "15": 0,
      "16": 0,
      "17": 0,
      "18": 0,
      "19": 0,
      "20": 0,
      "21": 0,
      "22": 0,
      "23": 0,
      "24": 0,
      "25": 0,
      "26": 0,
      "27": 0,
      "28": 0,
      "29": 0,
      "30": 0,
      "31": 0,
      "32": 0,
      "33": 0,
      "34": 0,
      "35": 0,
      "36": 0,
      "37": 0,
      "38": 0,
      "39": 0,
      "40": 0,
      "41": 0,
      "42": 0,
      "43": 0,
      "44": 0,
      "45": 0,
      "46": 0,
      "47": 0,
      "48": 0,
      "49": 0,
      "50": 0,
      "51": 0,
      "52": 0,
      "53": 0,
      "54": 0,
      "55": 0,
      "56": 0,
      "57": 0,
      "58": 0,
      "59": 0,
      "60": 0,
      "61": 0,
      "62": 0,
      "63": 0,
      "64": 0,
      "65": 0,
      "66": 0,
      "67": 0,
      "68": 0,
      "69": 0,
      "70": 0,
      "71": 0,
      "72": 0,
      "73": 0,
      "74": 0,
      "75": 0,
      "76": 0,
      "77": 0,
      "78": 0,
      "79": 0,
      "80": 0,
      "81": 0,
      "82": 0,
      "83": 0,
      "84": 0,
      "85": 0,
      "86": 0,
      "87": 0,
      "88": 0,
      "89": 0,
      "90": 0,
      "91": 0,
      "92": 0,
      "93": 0,
      "94": 0,
      "95": 0,
      "96": 0,
      "97": 0,
      "98": 0,
      "99": 0,
      "100": 0,
      "101": 0,
      "102": 0,
      "103": 0,
      "104": 0,
      "105": 0,
      "106": 0,
      "107": 0,
      "108": 0,
      "109": 0,
      "110": 1,
      "111": 1,
      "112": 1
    },
    "f": {
      "0": 1,
      "1": 0,
      "2": 0,
      "3": 0,
      "4": 0,
      "5": 0,
      "6": 0,
      "7": 0,
      "8": 0,
      "9": 0,
      "10": 0,
      "11": 0,
      "12": 0,
      "13": 0,
      "14": 0,
      "15": 0,
      "16": 0,
      "17": 0,
      "18": 0,
      "19": 0,
      "20": 0
    },
    "b": {
      "0": [0],
      "1": [0, 0],
      "2": [0],
      "3": [0, 0],
      "4": [0],
      "5": [0, 0],
      "6": [0],
      "7": [0, 0],
      "8": [0, 0],
      "9": [0, 0, 0, 0, 0],
      "10": [0, 0],
      "11": [0, 0],
      "12": [0, 0],
      "13": [0],
      "14": [0, 0],
      "15": [0, 0],
      "16": [0, 0],
      "17": [0, 0],
      "18": [0],
      "19": [0],
      "20": [0],
      "21": [0],
      "22": [0],
      "23": [0],
      "24": [0, 0],
      "25": [0, 0],
      "26": [0, 0]
    }
  },
  "/home/runner/work/mcp-chrome/mcp-chrome/app/native-server/src/constant/index.ts": {
    "path": "/home/runner/work/mcp-chrome/mcp-chrome/app/native-server/src/constant/index.ts",
    "statementMap": {
      "0": { "start": { "line": 1, "column": 0 }, "end": { "line": 1, "column": null } },
      "1": { "start": { "line": 2, "column": 2 }, "end": { "line": 2, "column": null } },
      "2": { "start": { "line": 3, "column": 2 }, "end": { "line": 3, "column": null } },
      "3": { "start": { "line": 4, "column": 2 }, "end": { "line": 4, "column": null } },
      "4": { "start": { "line": 5, "column": 2 }, "end": { "line": 5, "column": null } },
      "5": { "start": { "line": 6, "column": 2 }, "end": { "line": 6, "column": null } },
      "6": { "start": { "line": 7, "column": 2 }, "end": { "line": 7, "column": null } },
      "7": { "start": { "line": 8, "column": 2 }, "end": { "line": 8, "column": null } },
      "8": { "start": { "line": 11, "column": 13 }, "end": { "line": 11, "column": 40 } },
      "9": { "start": { "line": 14, "column": 13 }, "end": { "line": 18, "column": 11 } },
      "10": { "start": { "line": 21, "column": 13 }, "end": { "line": 25, "column": 11 } },
      "11": { "start": { "line": 28, "column": 13 }, "end": { "line": 34, "column": 11 } },
      "12": { "start": { "line": 37, "column": 13 }, "end": { "line": 47, "column": 11 } }
    },
    "fnMap": {
      "0": {
        "name": "(anonymous_0)",
        "decl": { "start": { "line": 1, "column": 0 }, "end": { "line": 1, "column": 12 } },
        "loc": { "start": { "line": 1, "column": 31 }, "end": { "line": 9, "column": 1 } }
      }
    },
    "branchMap": {
      "0": {
        "loc": { "start": { "line": 1, "column": 12 }, "end": { "line": 1, "column": null } },
        "type": "binary-expr",
        "locations": [
          { "start": { "line": 1, "column": 12 }, "end": { "line": 1, "column": 31 } },
          { "start": { "line": 1, "column": 31 }, "end": { "line": 1, "column": null } }
        ]
      }
    },
    "s": {
      "0": 1,
      "1": 1,
      "2": 1,
      "3": 1,
      "4": 1,
      "5": 1,
      "6": 1,
      "7": 1,
      "8": 1,
      "9": 1,
      "10": 1,
      "11": 1,
      "12": 1
    },
    "f": { "0": 1 },
    "b": { "0": [1, 1] }
  },
  "/home/runner/work/mcp-chrome/mcp-chrome/app/native-server/src/mcp/mcp-server-stdio.ts": {
    "path": "/home/runner/work/mcp-chrome/mcp-chrome/app/native-server/src/mcp/mcp-server-stdio.ts",
    "statementMap": {
      "0": { "start": { "line": 3, "column": 0 }, "end": { "line": 3, "column": 67 } },
      "1": { "start": { "line": 4, "column": 0 }, "end": { "line": 4, "column": 67 } },
      "2": { "start": { "line": 5, "column": 0 }, "end": { "line": 5, "column": null } },
      "3": { "start": { "line": 12, "column": 0 }, "end": { "line": 12, "column": 49 } },
      "4": { "start": { "line": 13, "column": 0 }, "end": { "line": 13, "column": 81 } },
      "5": { "start": { "line": 14, "column": 0 }, "end": { "line": 14, "column": 99 } },
      "6": { "start": { "line": 15, "column": 0 }, "end": { "line": 15, "column": 25 } },
      "7": { "start": { "line": 16, "column": 0 }, "end": { "line": 16, "column": 29 } },
      "8": { "start": { "line": 18, "column": 36 }, "end": { "line": 18, "column": 40 } },
      "9": { "start": { "line": 19, "column": 31 }, "end": { "line": 19, "column": 35 } },
      "10": { "start": { "line": 22, "column": 19 }, "end": { "line": 31, "column": 1 } },
      "11": { "start": { "line": 23, "column": 2 }, "end": { "line": 30, "column": 3 } },
      "12": { "start": { "line": 24, "column": 23 }, "end": { "line": 24, "column": 64 } },
      "13": { "start": { "line": 25, "column": 23 }, "end": { "line": 25, "column": 58 } },
      "14": { "start": { "line": 26, "column": 4 }, "end": { "line": 26, "column": 34 } },
      "15": { "start": { "line": 28, "column": 4 }, "end": { "line": 28, "column": 62 } },
      "16": { "start": { "line": 29, "column": 4 }, "end": { "line": 29, "column": 81 } },
      "17": { "start": { "line": 33, "column": 33 }, "end": { "line": 53, "column": 1 } },
      "18": { "start": { "line": 34, "column": 2 }, "end": { "line": 36, "column": 3 } },
      "19": { "start": { "line": 35, "column": 4 }, "end": { "line": 35, "column": 26 } },
      "20": { "start": { "line": 37, "column": 2 }, "end": { "line": 49, "column": 4 } },
      "21": { "start": { "line": 51, "column": 2 }, "end": { "line": 51, "column": 29 } },
      "22": { "start": { "line": 52, "column": 2 }, "end": { "line": 52, "column": 24 } },
      "23": { "start": { "line": 33, "column": 13 }, "end": { "line": 33, "column": 33 } },
      "24": { "start": { "line": 55, "column": 31 }, "end": { "line": 74, "column": 1 } },
      "25": { "start": { "line": 56, "column": 2 }, "end": { "line": 73, "column": 3 } },
      "26": { "start": { "line": 57, "column": 4 }, "end": { "line": 62, "column": 5 } },
      "27": { "start": { "line": 58, "column": 25 }, "end": { "line": 58, "column": 47 } },
      "28": { "start": { "line": 59, "column": 6 }, "end": { "line": 61, "column": 7 } },
      "29": { "start": { "line": 60, "column": 8 }, "end": { "line": 60, "column": 25 } },
      "30": { "start": { "line": 64, "column": 19 }, "end": { "line": 64, "column": 31 } },
      "31": { "start": { "line": 65, "column": 4 }, "end": { "line": 65, "column": 97 } },
      "32": { "start": { "line": 66, "column": 22 }, "end": { "line": 66, "column": 80 } },
      "33": { "start": { "line": 67, "column": 4 }, "end": { "line": 67, "column": 39 } },
      "34": { "start": { "line": 68, "column": 4 }, "end": { "line": 68, "column": 21 } },
      "35": { "start": { "line": 70, "column": 4 }, "end": { "line": 70, "column": 23 } },
      "36": { "start": { "line": 71, "column": 4 }, "end": { "line": 71, "column": 21 } },
      "37": { "start": { "line": 72, "column": 4 }, "end": { "line": 72, "column": 61 } },
      "38": { "start": { "line": 55, "column": 13 }, "end": { "line": 55, "column": 31 } },
      "39": { "start": { "line": 76, "column": 26 }, "end": { "line": 90, "column": 1 } },
      "40": { "start": { "line": 78, "column": 2 }, "end": { "line": 78, "column": 90 } },
      "41": { "start": { "line": 78, "column": 64 }, "end": { "line": 78, "column": 87 } },
      "42": { "start": { "line": 81, "column": 2 }, "end": { "line": 83, "column": 4 } },
      "43": { "start": { "line": 82, "column": 4 }, "end": { "line": 82, "column": 71 } },
      "44": { "start": { "line": 86, "column": 2 }, "end": { "line": 86, "column": 88 } },
      "45": { "start": { "line": 86, "column": 68 }, "end": { "line": 86, "column": 85 } },
      "46": { "start": { "line": 89, "column": 2 }, "end": { "line": 89, "column": 84 } },
      "47": { "start": { "line": 89, "column": 66 }, "end": { "line": 89, "column": 81 } },
      "48": { "start": { "line": 76, "column": 13 }, "end": { "line": 76, "column": 26 } },
      "49": { "start": { "line": 92, "column": 23 }, "end": { "line": 113, "column": 1 } },
      "50": { "start": { "line": 93, "column": 2 }, "end": { "line": 112, "column": 3 } },
      "51": { "start": { "line": 94, "column": 19 }, "end": { "line": 94, "column": 42 } },
      "52": { "start": { "line": 95, "column": 4 }, "end": { "line": 97, "column": 5 } },
      "53": { "start": { "line": 96, "column": 6 }, "end": { "line": 96, "column": 57 } },
      "54": { "start": { "line": 98, "column": 19 }, "end": { "line": 100, "column": 6 } },
      "55": { "start": { "line": 101, "column": 4 }, "end": { "line": 101, "column": 36 } },
      "56": { "start": { "line": 103, "column": 4 }, "end": { "line": 111, "column": 6 } },
      "57": { "start": { "line": 116, "column": 20 }, "end": { "line": 116, "column": 46 } },
      "58": { "start": { "line": 117, "column": 2 }, "end": { "line": 117, "column": 47 } },
      "59": { "start": { "line": 120, "column": 0 }, "end": { "line": 123, "column": 3 } },
      "60": { "start": { "line": 121, "column": 2 }, "end": { "line": 121, "column": 64 } },
      "61": { "start": { "line": 122, "column": 2 }, "end": { "line": 122, "column": 18 } }
    },
    "fnMap": {
      "0": {
        "name": "(anonymous_9)",
        "decl": { "start": { "line": 22, "column": 19 }, "end": { "line": 22, "column": 22 } },
        "loc": { "start": { "line": 22, "column": 24 }, "end": { "line": 31, "column": 1 } }
      },
      "1": {
        "name": "(anonymous_10)",
        "decl": { "start": { "line": 33, "column": 33 }, "end": { "line": 33, "column": 36 } },
        "loc": { "start": { "line": 33, "column": 38 }, "end": { "line": 53, "column": 1 } }
      },
      "2": {
        "name": "(anonymous_11)",
        "decl": { "start": { "line": 55, "column": 31 }, "end": { "line": 55, "column": 36 } },
        "loc": { "start": { "line": 55, "column": 42 }, "end": { "line": 74, "column": 1 } }
      },
      "3": {
        "name": "(anonymous_12)",
        "decl": { "start": { "line": 76, "column": 26 }, "end": { "line": 76, "column": 27 } },
        "loc": { "start": { "line": 76, "column": 45 }, "end": { "line": 90, "column": 1 } }
      },
      "4": {
        "name": "(anonymous_13)",
        "decl": { "start": { "line": 78, "column": 51 }, "end": { "line": 78, "column": 56 } },
        "loc": { "start": { "line": 78, "column": 64 }, "end": { "line": 78, "column": 87 } }
      },
      "5": {
        "name": "(anonymous_14)",
        "decl": { "start": { "line": 81, "column": 50 }, "end": { "line": 81, "column": 55 } },
        "loc": { "start": { "line": 82, "column": 4 }, "end": { "line": 82, "column": 71 } }
      },
      "6": {
        "name": "(anonymous_15)",
        "decl": { "start": { "line": 86, "column": 55 }, "end": { "line": 86, "column": 60 } },
        "loc": { "start": { "line": 86, "column": 68 }, "end": { "line": 86, "column": 85 } }
      },
      "7": {
        "name": "(anonymous_16)",
        "decl": { "start": { "line": 89, "column": 53 }, "end": { "line": 89, "column": 58 } },
        "loc": { "start": { "line": 89, "column": 66 }, "end": { "line": 89, "column": 81 } }
      },
      "8": {
        "name": "(anonymous_17)",
        "decl": { "start": { "line": 92, "column": 23 }, "end": { "line": 92, "column": 28 } },
        "loc": { "start": { "line": 92, "column": 82 }, "end": { "line": 113, "column": 1 } }
      },
      "9": {
        "name": "main",
        "decl": { "start": { "line": 115, "column": 15 }, "end": { "line": 115, "column": 19 } },
        "loc": { "start": { "line": 115, "column": 19 }, "end": { "line": 118, "column": 1 } }
      },
      "10": {
        "name": "(anonymous_19)",
        "decl": { "start": { "line": 120, "column": 13 }, "end": { "line": 120, "column": 14 } },
        "loc": { "start": { "line": 120, "column": 23 }, "end": { "line": 123, "column": 1 } }
      }
    },
    "branchMap": {
      "0": {
        "loc": { "start": { "line": 34, "column": 2 }, "end": { "line": 36, "column": 3 } },
        "type": "if",
        "locations": [{ "start": { "line": 34, "column": 2 }, "end": { "line": 36, "column": 3 } }]
      },
      "1": {
        "loc": { "start": { "line": 57, "column": 4 }, "end": { "line": 62, "column": 5 } },
        "type": "if",
        "locations": [{ "start": { "line": 57, "column": 4 }, "end": { "line": 62, "column": 5 } }]
      },
      "2": {
        "loc": { "start": { "line": 59, "column": 6 }, "end": { "line": 61, "column": 7 } },
        "type": "if",
        "locations": [{ "start": { "line": 59, "column": 6 }, "end": { "line": 61, "column": 7 } }]
      },
      "3": {
        "loc": { "start": { "line": 70, "column": 4 }, "end": { "line": 70, "column": 22 } },
        "type": "cond-expr",
        "locations": [
          { "start": { "line": 70, "column": 13 }, "end": { "line": 70, "column": 15 } },
          { "start": { "line": 70, "column": 4 }, "end": { "line": 70, "column": 22 } }
        ]
      },
      "4": {
        "loc": { "start": { "line": 70, "column": 4 }, "end": { "line": 70, "column": 15 } },
        "type": "binary-expr",
        "locations": [
          { "start": { "line": 70, "column": 4 }, "end": { "line": 70, "column": 15 } },
          { "start": { "line": 70, "column": 4 }, "end": { "line": 70, "column": 15 } }
        ]
      },
      "5": {
        "loc": { "start": { "line": 82, "column": 40 }, "end": { "line": 82, "column": 70 } },
        "type": "binary-expr",
        "locations": [
          { "start": { "line": 82, "column": 40 }, "end": { "line": 82, "column": 64 } },
          { "start": { "line": 82, "column": 68 }, "end": { "line": 82, "column": 70 } }
        ]
      },
      "6": {
        "loc": { "start": { "line": 95, "column": 4 }, "end": { "line": 97, "column": 5 } },
        "type": "if",
        "locations": [{ "start": { "line": 95, "column": 4 }, "end": { "line": 97, "column": 5 } }]
      }
    },
    "s": {
      "0": 0,
      "1": 0,
      "2": 0,
      "3": 0,
      "4": 0,
      "5": 0,
      "6": 0,
      "7": 0,
      "8": 0,
      "9": 0,
      "10": 0,
      "11": 0,
      "12": 0,
      "13": 0,
      "14": 0,
      "15": 0,
      "16": 0,
      "17": 0,
      "18": 0,
      "19": 0,
      "20": 0,
      "21": 0,
      "22": 0,
      "23": 0,
      "24": 0,
      "25": 0,
      "26": 0,
      "27": 0,
      "28": 0,
      "29": 0,
      "30": 0,
      "31": 0,
      "32": 0,
      "33": 0,
      "34": 0,
      "35": 0,
      "36": 0,
      "37": 0,
      "38": 0,
      "39": 0,
      "40": 0,
      "41": 0,
      "42": 0,
      "43": 0,
      "44": 0,
      "45": 0,
      "46": 0,
      "47": 0,
      "48": 0,
      "49": 0,
      "50": 0,
      "51": 0,
      "52": 0,
      "53": 0,
      "54": 0,
      "55": 0,
      "56": 0,
      "57": 0,
      "58": 0,
      "59": 0,
      "60": 0,
      "61": 0
    },
    "f": {
      "0": 0,
      "1": 0,
      "2": 0,
      "3": 0,
      "4": 0,
      "5": 0,
      "6": 0,
      "7": 0,
      "8": 0,
      "9": 0,
      "10": 0
    },
    "b": { "0": [0], "1": [0], "2": [0], "3": [0, 0], "4": [0, 0], "5": [0, 0], "6": [0] }
  },
  "/home/runner/work/mcp-chrome/mcp-chrome/app/native-server/src/mcp/mcp-server.ts": {
    "path": "/home/runner/work/mcp-chrome/mcp-chrome/app/native-server/src/mcp/mcp-server.ts",
    "statementMap": {
      "0": { "start": { "line": 1, "column": 0 }, "end": { "line": 1, "column": 67 } },
      "1": { "start": { "line": 2, "column": 0 }, "end": { "line": 2, "column": 46 } },
      "2": { "start": { "line": 4, "column": 11 }, "end": { "line": 4, "column": 43 } },
      "3": { "start": { "line": 6, "column": 28 }, "end": { "line": 24, "column": 1 } },
      "4": { "start": { "line": 7, "column": 2 }, "end": { "line": 9, "column": 3 } },
      "5": { "start": { "line": 8, "column": 4 }, "end": { "line": 8, "column": 21 } },
      "6": { "start": { "line": 10, "column": 2 }, "end": { "line": 20, "column": 4 } },
      "7": { "start": { "line": 22, "column": 2 }, "end": { "line": 22, "column": 24 } },
      "8": { "start": { "line": 23, "column": 2 }, "end": { "line": 23, "column": 19 } },
      "9": { "start": { "line": 6, "column": 13 }, "end": { "line": 6, "column": 28 } }
    },
    "fnMap": {
      "0": {
        "name": "(anonymous_0)",
        "decl": { "start": { "line": 6, "column": 28 }, "end": { "line": 6, "column": 31 } },
        "loc": { "start": { "line": 6, "column": 33 }, "end": { "line": 24, "column": 1 } }
      }
    },
    "branchMap": {
      "0": {
        "loc": { "start": { "line": 7, "column": 2 }, "end": { "line": 9, "column": 3 } },
        "type": "if",
        "locations": [{ "start": { "line": 7, "column": 2 }, "end": { "line": 9, "column": 3 } }]
      }
    },
    "s": { "0": 1, "1": 1, "2": 1, "3": 1, "4": 0, "5": 0, "6": 0, "7": 0, "8": 0, "9": 1 },
    "f": { "0": 0 },
    "b": { "0": [0] }
  },
  "/home/runner/work/mcp-chrome/mcp-chrome/app/native-server/src/mcp/register-tools.ts": {
    "path": "/home/runner/work/mcp-chrome/mcp-chrome/app/native-server/src/mcp/register-tools.ts",
    "statementMap": {
      "0": { "start": { "line": 2, "column": 0 }, "end": { "line": 2, "column": null } },
      "1": { "start": { "line": 7, "column": 0 }, "end": { "line": 7, "column": 67 } },
      "2": { "start": { "line": 8, "column": 0 }, "end": { "line": 8, "column": 68 } },
      "3": { "start": { "line": 10, "column": 26 }, "end": { "line": 18, "column": 1 } },
      "4": { "start": { "line": 12, "column": 2 }, "end": { "line": 12, "column": 90 } },
      "5": { "start": { "line": 12, "column": 64 }, "end": { "line": 12, "column": 87 } },
      "6": { "start": { "line": 15, "column": 2 }, "end": { "line": 17, "column": 4 } },
      "7": { "start": { "line": 16, "column": 4 }, "end": { "line": 16, "column": 71 } },
      "8": { "start": { "line": 10, "column": 13 }, "end": { "line": 10, "column": 26 } },
      "9": { "start": { "line": 20, "column": 23 }, "end": { "line": 55, "column": 1 } },
      "10": { "start": { "line": 21, "column": 2 }, "end": { "line": 54, "column": 3 } },
      "11": { "start": { "line": 23, "column": 21 }, "end": { "line": 29, "column": null } },
      "12": { "start": { "line": 31, "column": 4 }, "end": { "line": 43, "column": 5 } },
      "13": { "start": { "line": 32, "column": 6 }, "end": { "line": 32, "column": 27 } },
      "14": { "start": { "line": 34, "column": 6 }, "end": { "line": 42, "column": 8 } },
      "15": { "start": { "line": 45, "column": 4 }, "end": { "line": 53, "column": 6 } }
    },
    "fnMap": {
      "0": {
        "name": "(anonymous_1)",
        "decl": { "start": { "line": 10, "column": 26 }, "end": { "line": 10, "column": 27 } },
        "loc": { "start": { "line": 10, "column": 45 }, "end": { "line": 18, "column": 1 } }
      },
      "1": {
[...]
      "85": { "start": { "line": 205, "column": 6 }, "end": { "line": 208, "column": 9 } },
      "86": { "start": { "line": 206, "column": 8 }, "end": { "line": 206, "column": 78 } },
      "87": { "start": { "line": 211, "column": 4 }, "end": { "line": 235, "column": 7 } },
      "88": { "start": { "line": 212, "column": 24 }, "end": { "line": 212, "column": 79 } },
      "89": { "start": { "line": 213, "column": 24 }, "end": { "line": 215, "column": 19 } },
      "90": { "start": { "line": 217, "column": 6 }, "end": { "line": 220, "column": 7 } },
      "91": { "start": { "line": 218, "column": 8 }, "end": { "line": 218, "column": 95 } },
      "92": { "start": { "line": 219, "column": 8 }, "end": { "line": 219, "column": 15 } },
      "93": { "start": { "line": 222, "column": 6 }, "end": { "line": 234, "column": 7 } },
      "94": { "start": { "line": 223, "column": 8 }, "end": { "line": 223, "column": 62 } },
      "95": { "start": { "line": 225, "column": 8 }, "end": { "line": 227, "column": 9 } },
      "96": { "start": { "line": 226, "column": 10 }, "end": { "line": 226, "column": 52 } },
      "97": { "start": { "line": 229, "column": 8 }, "end": { "line": 233, "column": 9 } },
      "98": { "start": { "line": 230, "column": 10 }, "end": { "line": 232, "column": 72 } },
      "99": { "start": { "line": 239, "column": 4 }, "end": { "line": 243, "column": 5 } },
      "100": { "start": { "line": 240, "column": 6 }, "end": { "line": 240, "column": 35 } },
      "101": { "start": { "line": 241, "column": 11 }, "end": { "line": 243, "column": 5 } },
      "102": { "start": { "line": 242, "column": 6 }, "end": { "line": 242, "column": 35 } },
      "103": { "start": { "line": 245, "column": 4 }, "end": { "line": 247, "column": 5 } },
      "104": { "start": { "line": 246, "column": 6 }, "end": { "line": 246, "column": 13 } },
      "105": { "start": { "line": 249, "column": 4 }, "end": { "line": 258, "column": 5 } },
      "106": { "start": { "line": 250, "column": 6 }, "end": { "line": 250, "column": 68 } },
      "107": { "start": { "line": 251, "column": 6 }, "end": { "line": 251, "column": 28 } },
      "108": { "start": { "line": 254, "column": 6 }, "end": { "line": 254, "column": 29 } },
      "109": { "start": { "line": 256, "column": 6 }, "end": { "line": 256, "column": 16 } },
      "110": { "start": { "line": 262, "column": 4 }, "end": { "line": 264, "column": 5 } },
      "111": { "start": { "line": 263, "column": 6 }, "end": { "line": 263, "column": 13 } },
      "112": { "start": { "line": 266, "column": 4 }, "end": { "line": 273, "column": 5 } },
      "113": { "start": { "line": 267, "column": 6 }, "end": { "line": 267, "column": 33 } },
      "114": { "start": { "line": 268, "column": 6 }, "end": { "line": 268, "column": 29 } },
      "115": { "start": { "line": 271, "column": 6 }, "end": { "line": 271, "column": 29 } },
      "116": { "start": { "line": 272, "column": 6 }, "end": { "line": 272, "column": 16 } },
      "117": { "start": { "line": 277, "column": 4 }, "end": { "line": 277, "column": 24 } },
      "118": { "start": { "line": 22, "column": 0 }, "end": { "line": 22, "column": 13 } },
      "119": { "start": { "line": 281, "column": 23 }, "end": { "line": 281, "column": 35 } },
      "120": { "start": { "line": 282, "column": 0 }, "end": { "line": 282, "column": 30 } }
    },
    "fnMap": {
      "0": {
        "name": "(anonymous_1)",
        "decl": { "start": { "line": 29, "column": 2 }, "end": { "line": 29, "column": null } },
        "loc": { "start": { "line": 29, "column": 2 }, "end": { "line": 33, "column": 3 } }
      },
      "1": {
        "name": "(anonymous_2)",
        "decl": { "start": { "line": 37, "column": 9 }, "end": { "line": 37, "column": 22 } },
        "loc": { "start": { "line": 37, "column": 54 }, "end": { "line": 39, "column": 3 } }
      },
      "2": {
        "name": "(anonymous_3)",
        "decl": { "start": { "line": 41, "column": 10 }, "end": { "line": 41, "column": 15 } },
        "loc": { "start": { "line": 41, "column": 28 }, "end": { "line": 45, "column": 3 } }
      },
      "3": {
        "name": "(anonymous_4)",
        "decl": { "start": { "line": 47, "column": 10 }, "end": { "line": 47, "column": 21 } },
        "loc": { "start": { "line": 47, "column": 21 }, "end": { "line": 236, "column": 3 } }
      },
      "4": {
        "name": "(anonymous_5)",
        "decl": { "start": { "line": 51, "column": 6 }, "end": { "line": 51, "column": 11 } },
        "loc": { "start": { "line": 51, "column": 96 }, "end": { "line": 84, "column": 7 } }
      },
      "5": {
        "name": "(anonymous_6)",
        "decl": { "start": { "line": 88, "column": 29 }, "end": { "line": 88, "column": 34 } },
        "loc": { "start": { "line": 88, "column": 48 }, "end": { "line": 115, "column": 5 } }
      },
      "6": {
        "name": "(anonymous_7)",
        "decl": { "start": { "line": 101, "column": 30 }, "end": { "line": 101, "column": 33 } },
        "loc": { "start": { "line": 101, "column": 35 }, "end": { "line": 103, "column": 9 } }
      },
      "7": {
        "name": "(anonymous_8)",
        "decl": { "start": { "line": 118, "column": 35 }, "end": { "line": 118, "column": 40 } },
        "loc": { "start": { "line": 118, "column": 56 }, "end": { "line": 133, "column": 5 } }
      },
      "8": {
        "name": "(anonymous_9)",
        "decl": { "start": { "line": 136, "column": 30 }, "end": { "line": 136, "column": 35 } },
        "loc": { "start": { "line": 136, "column": 55 }, "end": { "line": 175, "column": 5 } }
      },
      "9": {
        "name": "(anonymous_10)",
        "decl": { "start": { "line": 146, "column": 30 }, "end": { "line": 146, "column": 33 } },
        "loc": { "start": { "line": 146, "column": 36 }, "end": { "line": 146, "column": 48 } }
      },
      "10": {
        "name": "(anonymous_11)",
        "decl": { "start": { "line": 147, "column": 32 }, "end": { "line": 147, "column": 33 } },
        "loc": { "start": { "line": 147, "column": 57 }, "end": { "line": 152, "column": 11 } }
      },
      "11": {
        "name": "(anonymous_12)",
        "decl": { "start": { "line": 155, "column": 28 }, "end": { "line": 155, "column": 31 } },
        "loc": { "start": { "line": 155, "column": 33 }, "end": { "line": 159, "column": 9 } }
      },
      "12": {
        "name": "(anonymous_13)",
        "decl": { "start": { "line": 177, "column": 29 }, "end": { "line": 177, "column": 34 } },
        "loc": { "start": { "line": 177, "column": 54 }, "end": { "line": 209, "column": 5 } }
      },
      "13": {
        "name": "(anonymous_14)",
        "decl": { "start": { "line": 205, "column": 33 }, "end": { "line": 205, "column": 36 } },
        "loc": { "start": { "line": 205, "column": 38 }, "end": { "line": 208, "column": 7 } }
      },
      "14": {
        "name": "(anonymous_15)",
        "decl": { "start": { "line": 211, "column": 32 }, "end": { "line": 211, "column": 37 } },
        "loc": { "start": { "line": 211, "column": 57 }, "end": { "line": 235, "column": 5 } }
      },
      "15": {
        "name": "(anonymous_16)",
        "decl": { "start": { "line": 238, "column": 9 }, "end": { "line": 238, "column": 14 } },
        "loc": { "start": { "line": 238, "column": 79 }, "end": { "line": 259, "column": 3 } }
      },
      "16": {
        "name": "(anonymous_17)",
        "decl": { "start": { "line": 261, "column": 9 }, "end": { "line": 261, "column": 14 } },
        "loc": { "start": { "line": 261, "column": 19 }, "end": { "line": 274, "column": 3 } }
      },
      "17": {
        "name": "(anonymous_18)",
        "decl": { "start": { "line": 276, "column": 9 }, "end": { "line": 276, "column": 20 } },
        "loc": { "start": { "line": 276, "column": 20 }, "end": { "line": 278, "column": 3 } }
      }
    },
    "branchMap": {
      "0": {
        "loc": { "start": { "line": 53, "column": 8 }, "end": { "line": 57, "column": 9 } },
        "type": "if",
        "locations": [{ "start": { "line": 53, "column": 8 }, "end": { "line": 57, "column": 9 } }]
      },
      "1": {
        "loc": { "start": { "line": 58, "column": 8 }, "end": { "line": 62, "column": 9 } },
        "type": "if",
        "locations": [{ "start": { "line": 58, "column": 8 }, "end": { "line": 62, "column": 9 } }]
      },
      "2": {
        "loc": { "start": { "line": 73, "column": 10 }, "end": { "line": 82, "column": 11 } },
        "type": "if",
        "locations": [
          { "start": { "line": 73, "column": 10 }, "end": { "line": 82, "column": 11 } },
          { "start": { "line": 77, "column": 17 }, "end": { "line": 82, "column": 11 } }
        ]
      },
      "3": {
        "loc": { "start": { "line": 111, "column": 8 }, "end": { "line": 113, "column": 9 } },
        "type": "if",
        "locations": [
          { "start": { "line": 111, "column": 8 }, "end": { "line": 113, "column": 9 } }
        ]
      },
      "4": {
        "loc": { "start": { "line": 122, "column": 8 }, "end": { "line": 125, "column": 9 } },
        "type": "if",
        "locations": [
          { "start": { "line": 122, "column": 8 }, "end": { "line": 125, "column": 9 } }
        ]
      },
      "5": {
        "loc": { "start": { "line": 122, "column": 12 }, "end": { "line": 122, "column": 36 } },
        "type": "binary-expr",
        "locations": [
          { "start": { "line": 122, "column": 12 }, "end": { "line": 122, "column": 22 } },
          { "start": { "line": 122, "column": 26 }, "end": { "line": 122, "column": 36 } }
        ]
      },
      "6": {
        "loc": { "start": { "line": 129, "column": 8 }, "end": { "line": 131, "column": 9 } },
        "type": "if",
        "locations": [
          { "start": { "line": 129, "column": 8 }, "end": { "line": 131, "column": 9 } }
        ]
      },
      "7": {
        "loc": { "start": { "line": 139, "column": 8 }, "end": { "line": 139, "column": 23 } },
        "type": "binary-expr",
        "locations": [
          { "start": { "line": 139, "column": 8 }, "end": { "line": 139, "column": 17 } },
          { "start": { "line": 139, "column": 21 }, "end": { "line": 139, "column": 23 } }
        ]
      },
      "8": {
        "loc": { "start": { "line": 141, "column": 6 }, "end": { "line": 164, "column": 7 } },
        "type": "if",
        "locations": [
          { "start": { "line": 141, "column": 6 }, "end": { "line": 164, "column": 7 } },
          { "start": { "line": 143, "column": 13 }, "end": { "line": 164, "column": 7 } }
        ]
      },
      "9": {
        "loc": { "start": { "line": 143, "column": 13 }, "end": { "line": 164, "column": 7 } },
        "type": "if",
        "locations": [
          { "start": { "line": 143, "column": 13 }, "end": { "line": 164, "column": 7 } },
          { "start": { "line": 161, "column": 13 }, "end": { "line": 164, "column": 7 } }
        ]
      },
      "10": {
        "loc": { "start": { "line": 143, "column": 17 }, "end": { "line": 143, "column": 64 } },
        "type": "binary-expr",
        "locations": [
          { "start": { "line": 143, "column": 17 }, "end": { "line": 143, "column": 27 } },
          { "start": { "line": 143, "column": 31 }, "end": { "line": 143, "column": 64 } }
        ]
      },
      "11": {
        "loc": { "start": { "line": 149, "column": 12 }, "end": { "line": 151, "column": 13 } },
        "type": "if",
        "locations": [
          { "start": { "line": 149, "column": 12 }, "end": { "line": 151, "column": 13 } }
        ]
      },
      "12": {
        "loc": { "start": { "line": 149, "column": 16 }, "end": { "line": 149, "column": 66 } },
        "type": "binary-expr",
        "locations": [
          { "start": { "line": 149, "column": 16 }, "end": { "line": 149, "column": 25 } },
          { "start": { "line": 149, "column": 29 }, "end": { "line": 149, "column": 66 } }
        ]
      },
      "13": {
        "loc": { "start": { "line": 156, "column": 10 }, "end": { "line": 158, "column": 11 } },
        "type": "if",
        "locations": [
          { "start": { "line": 156, "column": 10 }, "end": { "line": 158, "column": 11 } }
        ]
      },
      "14": {
        "loc": { "start": { "line": 156, "column": 14 }, "end": { "line": 156, "column": 81 } },
        "type": "binary-expr",
        "locations": [
          { "start": { "line": 156, "column": 14 }, "end": { "line": 156, "column": 34 } },
          { "start": { "line": 156, "column": 38 }, "end": { "line": 156, "column": 81 } }
        ]
      },
      "15": {
        "loc": { "start": { "line": 156, "column": 14 }, "end": { "line": 156, "column": 34 } },
        "type": "cond-expr",
        "locations": [
          { "start": { "line": 156, "column": 23 }, "end": { "line": 156, "column": 25 } },
          { "start": { "line": 156, "column": 14 }, "end": { "line": 156, "column": 34 } }
        ]
      },
      "16": {
        "loc": { "start": { "line": 156, "column": 14 }, "end": { "line": 156, "column": 25 } },
        "type": "binary-expr",
        "locations": [
          { "start": { "line": 156, "column": 14 }, "end": { "line": 156, "column": 25 } },
          { "start": { "line": 156, "column": 14 }, "end": { "line": 156, "column": 25 } }
        ]
      },
      "17": {
        "loc": { "start": { "line": 169, "column": 8 }, "end": { "line": 173, "column": 9 } },
        "type": "if",
        "locations": [
          { "start": { "line": 169, "column": 8 }, "end": { "line": 173, "column": 9 } }
        ]
      },
      "18": {
        "loc": { "start": { "line": 179, "column": 24 }, "end": { "line": 181, "column": 19 } },
        "type": "cond-expr",
        "locations": [
          { "start": { "line": 180, "column": 11 }, "end": { "line": 180, "column": 78 } },
          { "start": { "line": 181, "column": 10 }, "end": { "line": 181, "column": 19 } }
        ]
      },
      "19": {
        "loc": { "start": { "line": 182, "column": 6 }, "end": { "line": 185, "column": 7 } },
        "type": "if",
        "locations": [
          { "start": { "line": 182, "column": 6 }, "end": { "line": 185, "column": 7 } }
        ]
      },
      "20": {
        "loc": { "start": { "line": 195, "column": 8 }, "end": { "line": 198, "column": 9 } },
        "type": "if",
        "locations": [
          { "start": { "line": 195, "column": 8 }, "end": { "line": 198, "column": 9 } }
        ]
      },
      "21": {
        "loc": { "start": { "line": 200, "column": 8 }, "end": { "line": 202, "column": 9 } },
        "type": "if",
        "locations": [
          { "start": { "line": 200, "column": 8 }, "end": { "line": 202, "column": 9 } }
        ]
      },
      "22": {
        "loc": { "start": { "line": 213, "column": 24 }, "end": { "line": 215, "column": 19 } },
        "type": "cond-expr",
        "locations": [
          { "start": { "line": 214, "column": 11 }, "end": { "line": 214, "column": 78 } },
          { "start": { "line": 215, "column": 10 }, "end": { "line": 215, "column": 19 } }
        ]
      },
      "23": {
        "loc": { "start": { "line": 217, "column": 6 }, "end": { "line": 220, "column": 7 } },
        "type": "if",
        "locations": [
          { "start": { "line": 217, "column": 6 }, "end": { "line": 220, "column": 7 } }
        ]
      },
      "24": {
        "loc": { "start": { "line": 225, "column": 8 }, "end": { "line": 227, "column": 9 } },
        "type": "if",
        "locations": [
          { "start": { "line": 225, "column": 8 }, "end": { "line": 227, "column": 9 } }
        ]
      },
      "25": {
        "loc": { "start": { "line": 229, "column": 8 }, "end": { "line": 233, "column": 9 } },
        "type": "if",
        "locations": [
          { "start": { "line": 229, "column": 8 }, "end": { "line": 233, "column": 9 } }
        ]
      },
      "26": {
        "loc": { "start": { "line": 238, "column": 21 }, "end": { "line": 238, "column": 46 } },
        "type": "default-arg",
        "locations": [
          { "start": { "line": 238, "column": 28 }, "end": { "line": 238, "column": 46 } }
        ]
      },
      "27": {
        "loc": { "start": { "line": 239, "column": 4 }, "end": { "line": 243, "column": 5 } },
        "type": "if",
        "locations": [
          { "start": { "line": 239, "column": 4 }, "end": { "line": 243, "column": 5 } },
          { "start": { "line": 241, "column": 11 }, "end": { "line": 243, "column": 5 } }
        ]
      },
      "28": {
        "loc": { "start": { "line": 241, "column": 11 }, "end": { "line": 243, "column": 5 } },
        "type": "if",
        "locations": [
          { "start": { "line": 241, "column": 11 }, "end": { "line": 243, "column": 5 } }
        ]
      },
      "29": {
        "loc": { "start": { "line": 245, "column": 4 }, "end": { "line": 247, "column": 5 } },
        "type": "if",
        "locations": [
          { "start": { "line": 245, "column": 4 }, "end": { "line": 247, "column": 5 } }
        ]
      },
      "30": {
        "loc": { "start": { "line": 262, "column": 4 }, "end": { "line": 264, "column": 5 } },
        "type": "if",
        "locations": [
          { "start": { "line": 262, "column": 4 }, "end": { "line": 264, "column": 5 } }
        ]
      }
    },
    "s": {
      "0": 1,
      "1": 1,
      "2": 1,
      "3": 1,
      "4": 1,
      "5": 1,
      "6": 1,
      "7": 1,
      "8": 1,
      "9": 1,
      "10": 1,
      "11": 1,
      "12": 1,
      "13": 1,
      "14": 0,
      "15": 1,
      "16": 1,
      "17": 0,
      "18": 0,
      "19": 0,
      "20": 0,
      "21": 0,
      "22": 0,
      "23": 0,
      "24": 0,
      "25": 0,
      "26": 0,
      "27": 1,
      "28": 0,
      "29": 0,
      "30": 0,
      "31": 0,
      "32": 0,
      "33": 0,
      "34": 0,
      "35": 0,
      "36": 0,
      "37": 0,
      "38": 0,
      "39": 1,
      "40": 0,
      "41": 0,
      "42": 0,
      "43": 0,
      "44": 0,
      "45": 0,
      "46": 0,
      "47": 0,
      "48": 0,
      "49": 1,
      "50": 0,
      "51": 0,
      "52": 0,
      "53": 0,
      "54": 0,
      "55": 0,
      "56": 0,
      "57": 0,
      "58": 0,
      "59": 0,
      "60": 0,
      "61": 0,
      "62": 0,
      "63": 0,
      "64": 0,
      "65": 0,
      "66": 0,
      "67": 0,
      "68": 0,
      "69": 1,
      "70": 0,
      "71": 0,
      "72": 0,
      "73": 0,
      "74": 0,
      "75": 0,
      "76": 0,
      "77": 0,
      "78": 0,
      "79": 0,
      "80": 0,
      "81": 0,
      "82": 0,
      "83": 0,
      "84": 0,
      "85": 0,
      "86": 0,
      "87": 1,
      "88": 0,
      "89": 0,
      "90": 0,
      "91": 0,
      "92": 0,
      "93": 0,
      "94": 0,
      "95": 0,
      "96": 0,
      "97": 0,
      "98": 0,
      "99": 0,
      "100": 0,
      "101": 0,
      "102": 0,
      "103": 0,
      "104": 0,
      "105": 0,
      "106": 0,
      "107": 0,
      "108": 0,
      "109": 0,
      "110": 1,
      "111": 1,
      "112": 0,
      "113": 0,
      "114": 0,
      "115": 0,
      "116": 0,
      "117": 2,
      "118": 1,
      "119": 1,
      "120": 1
    },
    "f": {
      "0": 1,
      "1": 0,
      "2": 1,
      "3": 1,
      "4": 0,
      "5": 0,
      "6": 0,
      "7": 0,
      "8": 0,
      "9": 0,
      "10": 0,
      "11": 0,
      "12": 0,
      "13": 0,
      "14": 0,
      "15": 0,
      "16": 1,
      "17": 2
    },
    "b": {
      "0": [0],
      "1": [0],
      "2": [0, 0],
      "3": [0],
      "4": [0],
      "5": [0, 0],
      "6": [0],
      "7": [0, 0],
      "8": [0, 0],
      "9": [0, 0],
      "10": [0, 0],
      "11": [0],
      "12": [0, 0],
      "13": [0],
      "14": [0, 0],
      "15": [0, 0],
      "16": [0, 0],
      "17": [0],
      "18": [0, 0],
      "19": [0],
      "20": [0],
      "21": [0],
      "22": [0, 0],
      "23": [0],
      "24": [0],
      "25": [0],
      "26": [0],
      "27": [0, 0],
      "28": [0],
      "29": [0],
      "30": [1]
    }
  }
}
