TN:
SF:src/cli.ts
FN:15,writeNodePath
FN:40,(anonymous_10)
FN:144,(anonymous_11)
FN:159,(anonymous_12)
FNF:4
FNH:0
FNDA:0,writeNodePath
FNDA:0,(anonymous_10)
FNDA:0,(anonymous_11)
FNDA:0,(anonymous_12)
DA:3,0
DA:4,0
DA:5,0
DA:6,0
DA:12,0
DA:16,0
DA:17,0
DA:18,0
DA:20,0
DA:21,0
DA:22,0
DA:24,0
DA:28,0
DA:33,0
DA:41,0
DA:43,0
DA:48,0
DA:49,0
DA:50,0
DA:51,0
DA:53,0
DA:54,0
DA:55,0
DA:61,0
DA:63,0
DA:65,0
DA:66,0
DA:67,0
DA:68,0
DA:74,0
DA:80,0
DA:82,0
DA:83,0
DA:84,0
DA:85,0
DA:87,0
DA:90,0
DA:94,0
DA:97,0
DA:99,0
DA:100,0
DA:103,0
DA:111,0
DA:112,0
DA:114,0
DA:115,0
DA:116,0
DA:123,0
DA:129,0
DA:130,0
DA:131,0
DA:135,0
DA:136,0
DA:141,0
DA:145,0
DA:146,0
DA:147,0
DA:148,0
DA:150,0
DA:151,0
DA:156,0
DA:160,0
DA:161,0
DA:162,0
DA:163,0
DA:164,0
DA:167,0
DA:169,0
DA:170,0
DA:171,0
DA:174,0
DA:175,0
DA:177,0
DA:178,0
DA:179,0
DA:181,0
DA:183,0
DA:184,0
DA:186,0
DA:187,0
DA:191,0
DA:194,0
DA:195,0
LF:83
LH:0
BRDA:48,0,0,0
BRDA:48,0,1,0
BRDA:49,1,0,0
BRDA:49,1,1,0
BRDA:54,2,0,0
BRDA:65,3,0,0
BRDA:67,4,0,0
BRDA:80,5,0,0
BRDA:80,5,1,0
BRDA:83,6,0,0
BRDA:94,7,0,0
BRDA:94,7,1,0
BRDA:97,8,0,0
BRDA:97,8,1,0
BRDA:97,9,0,0
BRDA:97,9,1,0
BRDA:114,10,0,0
BRDA:114,10,1,0
BRDA:162,11,0,0
BRDA:162,12,0,0
BRDA:162,12,1,0
BRDA:162,12,2,0
BRDA:169,13,0,0
BRDA:194,14,0,0
BRF:24
BRH:0
end_of_record
TN:
SF:src/file-handler.ts
FN:13,(anonymous_10)
FN:24,(anonymous_11)
FN:59,(anonymous_12)
FN:90,(anonymous_13)
FN:119,(anonymous_14)
FN:151,(anonymous_15)
FN:180,(anonymous_16)
FN:205,(anonymous_17)
FNF:8
FNH:1
FNDA:1,(anonymous_10)
FNDA:0,(anonymous_11)
FNDA:0,(anonymous_12)
FNDA:0,(anonymous_13)
FNDA:0,(anonymous_14)
FNDA:0,(anonymous_15)
FNDA:0,(anonymous_16)
FNDA:0,(anonymous_17)
DA:1,1
DA:2,1
DA:3,1
DA:4,1
DA:5,1
DA:10,1
DA:15,1
DA:16,1
DA:17,1
DA:25,0
DA:27,0
DA:28,0
DA:30,0
DA:31,0
DA:32,0
DA:33,0
DA:34,0
DA:35,0
DA:37,0
DA:40,0
DA:43,0
DA:49,0
DA:60,0
DA:61,0
DA:62,0
DA:63,0
DA:67,0
DA:68,0
DA:71,0
DA:74,0
DA:76,0
DA:83,0
DA:91,0
DA:93,0
DA:96,0
DA:99,0
DA:100,0
DA:103,0
DA:105,0
DA:112,0
DA:120,0
DA:122,0
DA:123,0
DA:127,0
DA:130,0
DA:131,0
DA:135,0
DA:137,0
DA:144,0
DA:152,0
DA:154,0
DA:155,0
DA:161,0
DA:162,0
DA:165,0
DA:170,0
DA:181,0
DA:182,0
DA:183,0
DA:184,0
DA:185,0
DA:186,0
DA:188,0
DA:189,0
DA:190,0
DA:191,0
DA:199,0
DA:206,0
DA:207,0
DA:208,0
DA:210,0
DA:211,0
DA:212,0
DA:213,0
DA:214,0
DA:215,0
DA:216,0
DA:220,0
DA:225,1
LF:79
LH:10
BRDA:16,0,0,1
BRDA:28,1,0,0
BRDA:28,1,1,0
BRDA:28,1,2,0
BRDA:30,2,0,0
BRDA:30,2,1,0
BRDA:32,3,0,0
BRDA:32,3,1,0
BRDA:34,4,0,0
BRDA:51,5,0,0
BRDA:51,5,1,0
BRDA:62,6,0,0
BRDA:67,7,0,0
BRDA:67,7,1,0
BRDA:99,8,0,0
BRDA:99,8,1,0
BRDA:122,9,0,0
BRDA:130,10,0,0
BRDA:154,11,0,0
BRDA:161,12,0,0
BRDA:181,13,0,0
BRDA:186,14,0,0
BRDA:186,15,0,0
BRDA:186,15,1,0
BRDA:214,16,0,0
BRF:25
BRH:1
end_of_record
TN:
SF:src/index.ts
FN:13,(anonymous_1)
FN:18,(anonymous_2)
FN:22,(anonymous_3)
FN:26,(anonymous_4)
FN:29,(anonymous_5)
FN:33,(anonymous_6)
FNF:6
FNH:0
FNDA:0,(anonymous_1)
FNDA:0,(anonymous_2)
FNDA:0,(anonymous_3)
FNDA:0,(anonymous_4)
FNDA:0,(anonymous_5)
FNDA:0,(anonymous_6)
DA:2,0
DA:3,0
DA:5,0
DA:6,0
DA:7,0
DA:8,0
DA:10,0
DA:13,0
DA:14,0
DA:18,0
DA:19,0
DA:22,0
DA:23,0
DA:26,0
DA:29,0
DA:30,0
DA:33,0
LF:17
LH:0
BRF:0
BRH:0
end_of_record
TN:
SF:src/native-messaging-host.ts
FN:14,(anonymous_1)
FN:18,(anonymous_2)
FN:23,(anonymous_3)
FN:31,(anonymous_4)
FN:35,(anonymous_5)
FN:60,(anonymous_6)
FN:64,(anonymous_7)
FN:69,(anonymous_8)
FN:125,(anonymous_9)
FN:167,(anonymous_10)
FN:172,(anonymous_11)
FN:175,(anonymous_12)
FN:195,(anonymous_13)
FN:224,(anonymous_14)
FN:251,(anonymous_15)
FN:258,(anonymous_16)
FN:275,(anonymous_17)
FN:287,(anonymous_18)
FN:289,(anonymous_19)
FN:298,(anonymous_20)
FN:301,(anonymous_21)
FNF:21
FNH:1
FNDA:1,(anonymous_1)
FNDA:0,(anonymous_2)
FNDA:0,(anonymous_3)
FNDA:0,(anonymous_4)
FNDA:0,(anonymous_5)
FNDA:0,(anonymous_6)
FNDA:0,(anonymous_7)
FNDA:0,(anonymous_8)
FNDA:0,(anonymous_9)
FNDA:0,(anonymous_10)
FNDA:0,(anonymous_11)
FNDA:0,(anonymous_12)
FNDA:0,(anonymous_13)
FNDA:0,(anonymous_14)
FNDA:0,(anonymous_15)
FNDA:0,(anonymous_16)
FNDA:0,(anonymous_17)
FNDA:0,(anonymous_18)
FNDA:0,(anonymous_19)
FNDA:0,(anonymous_20)
FNDA:0,(anonymous_21)
DA:1,1
DA:3,1
DA:4,1
DA:5,1
DA:6,1
DA:14,1
DA:15,1
DA:16,1
DA:19,0
DA:24,0
DA:25,0
DA:27,0
DA:32,0
DA:33,0
DA:35,0
DA:37,0
DA:38,0
DA:40,0
DA:41,0
DA:42,0
DA:45,0
DA:46,0
DA:47,0
DA:49,0
DA:50,0
DA:51,0
DA:53,0
DA:55,0
DA:60,0
DA:61,0
DA:64,0
DA:65,0
DA:70,0
DA:71,0
DA:72,0
DA:75,0
DA:76,0
DA:77,0
DA:79,0
DA:80,0
DA:81,0
DA:82,0
DA:84,0
DA:86,0
DA:90,0
DA:94,0
DA:95,0
DA:97,0
DA:98,0
DA:100,0
DA:101,0
DA:104,0
DA:105,0
DA:107,0
DA:108,0
DA:111,0
DA:112,0
DA:118,0
DA:126,0
DA:127,0
DA:129,0
DA:131,0
DA:138,0
DA:144,0
DA:149,0
DA:150,0
DA:156,0
DA:172,0
DA:173,0
DA:175,0
DA:176,0
DA:177,0
DA:181,0
DA:184,0
DA:196,0
DA:197,0
DA:198,0
DA:200,0
DA:201,0
DA:202,0
DA:206,0
DA:209,0
DA:211,0
DA:217,0
DA:225,0
DA:226,0
DA:227,0
DA:229,0
DA:231,0
DA:232,0
DA:236,0
DA:239,0
DA:242,0
DA:244,0
DA:252,0
DA:253,0
DA:254,0
DA:255,0
DA:256,0
DA:258,0
DA:259,0
DA:276,0
DA:289,0
DA:290,0
DA:291,0
DA:293,0
DA:295,0
DA:296,0
DA:299,0
DA:302,0
DA:305,0
DA:310,1
DA:311,1
LF:113
LH:10
BRDA:40,0,0,0
BRDA:40,1,0,0
BRDA:40,1,1,0
BRDA:45,2,0,0
BRDA:45,3,0,0
BRDA:45,3,1,0
BRDA:70,4,0,0
BRDA:70,5,0,0
BRDA:70,5,1,0
BRDA:75,6,0,0
BRDA:79,7,0,0
BRDA:79,7,1,0
BRDA:81,8,0,0
BRDA:81,8,1,0
BRDA:95,9,0,0
BRDA:95,9,1,0
BRDA:95,9,2,0
BRDA:95,9,3,0
BRDA:95,9,4,0
BRDA:97,10,0,0
BRDA:97,10,1,0
BRDA:97,11,0,0
BRDA:97,11,1,0
BRDA:97,12,0,0
BRDA:97,12,1,0
BRDA:111,13,0,0
BRDA:113,14,0,0
BRDA:113,14,1,0
BRDA:129,15,0,0
BRDA:129,15,1,0
BRDA:146,16,0,0
BRDA:146,16,1,0
BRDA:149,17,0,0
BRDA:149,17,1,0
BRDA:169,18,0,0
BRDA:170,19,0,0
BRDA:196,20,0,0
BRDA:201,21,0,0
BRDA:225,22,0,0
BRDA:231,23,0,0
BRDA:259,24,0,0
BRDA:259,24,1,0
BRDA:295,25,0,0
BRDA:295,25,1,0
BRDA:295,26,0,0
BRDA:295,26,1,0
BRF:46
BRH:0
end_of_record
TN:
SF:src/constant/index.ts
FN:1,(anonymous_0)
FNF:1
FNH:1
FNDA:1,(anonymous_0)
DA:1,1
DA:2,1
DA:3,1
DA:4,1
DA:5,1
DA:6,1
DA:7,1
DA:8,1
DA:11,1
DA:14,1
DA:21,1
DA:28,1
DA:37,1
LF:13
LH:13
BRDA:1,0,0,1
BRDA:1,0,1,1
BRF:2
BRH:2
end_of_record
TN:
SF:src/mcp/mcp-server-stdio.ts
FN:22,(anonymous_9)
FN:33,(anonymous_10)
FN:55,(anonymous_11)
FN:76,(anonymous_12)
FN:78,(anonymous_13)
FN:81,(anonymous_14)
FN:86,(anonymous_15)
FN:89,(anonymous_16)
FN:92,(anonymous_17)
FN:115,main
FN:120,(anonymous_19)
FNF:11
FNH:0
FNDA:0,(anonymous_9)
FNDA:0,(anonymous_10)
FNDA:0,(anonymous_11)
FNDA:0,(anonymous_12)
FNDA:0,(anonymous_13)
FNDA:0,(anonymous_14)
FNDA:0,(anonymous_15)
FNDA:0,(anonymous_16)
FNDA:0,(anonymous_17)
FNDA:0,main
FNDA:0,(anonymous_19)
DA:3,0
DA:4,0
DA:5,0
DA:12,0
DA:13,0
DA:14,0
DA:15,0
DA:16,0
DA:18,0
DA:19,0
DA:22,0
DA:23,0
DA:24,0
DA:25,0
DA:26,0
DA:28,0
DA:29,0
DA:33,0
DA:34,0
DA:35,0
DA:37,0
DA:51,0
DA:52,0
DA:55,0
DA:56,0
DA:57,0
DA:58,0
DA:59,0
DA:60,0
DA:64,0
DA:65,0
DA:66,0
DA:67,0
DA:68,0
DA:70,0
DA:71,0
DA:72,0
DA:76,0
DA:78,0
DA:81,0
DA:82,0
DA:86,0
DA:89,0
DA:92,0
DA:93,0
DA:94,0
DA:95,0
DA:96,0
DA:98,0
DA:101,0
DA:103,0
DA:116,0
DA:117,0
DA:120,0
DA:121,0
DA:122,0
LF:56
LH:0
BRDA:34,0,0,0
BRDA:57,1,0,0
BRDA:59,2,0,0
BRDA:70,3,0,0
BRDA:70,3,1,0
BRDA:70,4,0,0
BRDA:70,4,1,0
BRDA:82,5,0,0
BRDA:82,5,1,0
BRDA:95,6,0,0
BRF:10
BRH:0
end_of_record
TN:
SF:src/mcp/mcp-server.ts
FN:6,(anonymous_0)
FNF:1
FNH:0
FNDA:0,(anonymous_0)
DA:1,1
DA:2,1
DA:4,1
DA:6,1
DA:7,0
DA:8,0
DA:10,0
DA:22,0
DA:23,0
LF:9
LH:4
BRDA:7,0,0,0
BRF:1
BRH:0
end_of_record
TN:
SF:src/mcp/register-tools.ts
FN:10,(anonymous_1)
FN:12,(anonymous_2)
FN:15,(anonymous_3)
FN:20,(anonymous_4)
FNF:4
FNH:0
FNDA:0,(anonymous_1)
FNDA:0,(anonymous_2)
FNDA:0,(anonymous_3)
FNDA:0,(anonymous_4)
DA:2,1
DA:7,1
DA:8,1
DA:10,1
DA:12,0
DA:15,0
DA:16,0
DA:20,1
DA:21,0
DA:23,0
DA:31,0
DA:32,0
DA:34,0
DA:45,0
LF:14
LH:5
BRDA:16,0,0,0
BRDA:16,0,1,0
BRDA:31,1,0,0
BRDA:31,1,1,0
BRF:4
BRH:0
end_of_record
TN:
SF:src/server/index.ts
FN:29,(anonymous_1)
FN:37,(anonymous_2)
FN:41,(anonymous_3)
FN:47,(anonymous_4)
FN:51,(anonymous_5)
FN:88,(anonymous_6)
FN:101,(anonymous_7)
FN:118,(anonymous_8)
FN:136,(anonymous_9)
FN:146,(anonymous_10)
FN:147,(anonymous_11)
FN:155,(anonymous_12)
FN:177,(anonymous_13)
FN:205,(anonymous_14)
FN:211,(anonymous_15)
FN:238,(anonymous_16)
FN:261,(anonymous_17)
FN:276,(anonymous_18)
FNF:18
FNH:5
FNDA:1,(anonymous_1)
FNDA:0,(anonymous_2)
FNDA:1,(anonymous_3)
FNDA:1,(anonymous_4)
FNDA:0,(anonymous_5)
FNDA:0,(anonymous_6)
FNDA:0,(anonymous_7)
FNDA:0,(anonymous_8)
FNDA:0,(anonymous_9)
FNDA:0,(anonymous_10)
FNDA:0,(anonymous_11)
FNDA:0,(anonymous_12)
FNDA:0,(anonymous_13)
FNDA:0,(anonymous_14)
FNDA:0,(anonymous_15)
FNDA:0,(anonymous_16)
FNDA:1,(anonymous_17)
FNDA:2,(anonymous_18)
DA:1,1
DA:2,1
DA:3,1
DA:11,1
DA:12,1
DA:13,1
DA:14,1
DA:15,1
DA:22,1
DA:24,1
DA:25,1
DA:26,1
DA:30,1
DA:31,1
DA:32,1
DA:38,0
DA:42,1
DA:49,1
DA:53,0
DA:54,0
DA:58,0
DA:59,0
DA:64,0
DA:66,0
DA:71,0
DA:73,0
DA:74,0
DA:78,0
DA:88,1
DA:89,0
DA:91,0
DA:98,0
DA:99,0
DA:101,0
DA:102,0
DA:105,0
DA:106,0
DA:109,0
DA:111,0
DA:112,0
DA:118,1
DA:119,0
DA:120,0
DA:121,0
DA:122,0
DA:123,0
DA:124,0
DA:127,0
DA:129,0
DA:130,0
DA:136,1
DA:137,0
DA:138,0
DA:141,0
DA:143,0
DA:144,0
DA:145,0
DA:146,0
DA:149,0
DA:150,0
DA:155,0
DA:156,0
DA:157,0
DA:160,0
DA:162,0
DA:163,0
DA:166,0
DA:167,0
DA:169,0
DA:170,0
DA:177,1
DA:178,0
DA:179,0
DA:182,0
DA:183,0
DA:184,0
DA:187,0
DA:188,0
DA:189,0
DA:190,0
DA:192,0
DA:194,0
DA:195,0
DA:197,0
DA:200,0
DA:201,0
DA:205,0
DA:206,0
DA:211,1
DA:212,0
DA:213,0
DA:217,0
DA:218,0
DA:219,0
DA:222,0
DA:223,0
DA:225,0
DA:226,0
DA:229,0
DA:230,0
DA:239,0
DA:240,0
DA:241,0
DA:242,0
DA:245,0
DA:246,0
DA:249,0
DA:250,0
DA:251,0
DA:254,0
DA:256,0
DA:262,1
DA:263,1
DA:266,0
DA:267,0
DA:268,0
DA:271,0
DA:272,0
DA:277,2
DA:281,1
DA:282,1
LF:121
LH:27
BRDA:53,0,0,0
BRDA:58,1,0,0
BRDA:73,2,0,0
BRDA:73,2,1,0
BRDA:111,3,0,0
BRDA:122,4,0,0
BRDA:122,5,0,0
BRDA:122,5,1,0
BRDA:129,6,0,0
BRDA:139,7,0,0
BRDA:139,7,1,0
BRDA:141,8,0,0
BRDA:141,8,1,0
BRDA:143,9,0,0
BRDA:143,9,1,0
BRDA:143,10,0,0
BRDA:143,10,1,0
BRDA:149,11,0,0
BRDA:149,12,0,0
BRDA:149,12,1,0
BRDA:156,13,0,0
BRDA:156,14,0,0
BRDA:156,14,1,0
BRDA:156,15,0,0
BRDA:156,15,1,0
BRDA:156,16,0,0
BRDA:156,16,1,0
BRDA:169,17,0,0
BRDA:179,18,0,0
BRDA:179,18,1,0
BRDA:182,19,0,0
BRDA:195,20,0,0
BRDA:200,21,0,0
BRDA:213,22,0,0
BRDA:213,22,1,0
BRDA:217,23,0,0
BRDA:225,24,0,0
BRDA:229,25,0,0
BRDA:238,26,0,0
BRDA:239,27,0,0
BRDA:239,27,1,0
BRDA:241,28,0,0
BRDA:245,29,0,0
BRDA:262,30,0,1
BRF:44
BRH:1
end_of_record
